{"op_code":0,"worker_id":"ac6eeede-0d77-41d9-9354-a3b6035afd7f-11236","study_name":"mnist_lenet5","directions":[2]}
{"op_code":4,"worker_id":"ac6eeede-0d77-41d9-9354-a3b6035afd7f-11236","study_id":0,"datetime_start":"2025-11-26T18:03:30.947175"}
{"op_code":5,"worker_id":"ac6eeede-0d77-41d9-9354-a3b6035afd7f-11236","trial_id":0,"param_name":"c1_filters","param_value_internal":10.0,"distribution":"{\"name\": \"IntDistribution\", \"attributes\": {\"log\": false, \"step\": 2, \"low\": 4, \"high\": 16}}"}
{"op_code":5,"worker_id":"ac6eeede-0d77-41d9-9354-a3b6035afd7f-11236","trial_id":0,"param_name":"c3_filters","param_value_internal":18.0,"distribution":"{\"name\": \"IntDistribution\", \"attributes\": {\"log\": false, \"step\": 2, \"low\": 10, \"high\": 30}}"}
{"op_code":5,"worker_id":"ac6eeede-0d77-41d9-9354-a3b6035afd7f-11236","trial_id":0,"param_name":"f5_units","param_value_internal":90.0,"distribution":"{\"name\": \"IntDistribution\", \"attributes\": {\"log\": false, \"step\": 10, \"low\": 80, \"high\": 150}}"}
{"op_code":5,"worker_id":"ac6eeede-0d77-41d9-9354-a3b6035afd7f-11236","trial_id":0,"param_name":"f6_units","param_value_internal":70.0,"distribution":"{\"name\": \"IntDistribution\", \"attributes\": {\"log\": false, \"step\": 5, \"low\": 60, \"high\": 100}}"}
{"op_code":5,"worker_id":"ac6eeede-0d77-41d9-9354-a3b6035afd7f-11236","trial_id":0,"param_name":"activation","param_value_internal":1,"distribution":"{\"name\": \"CategoricalDistribution\", \"attributes\": {\"choices\": [\"tanh\", \"relu\"]}}"}
{"op_code":6,"worker_id":"ac6eeede-0d77-41d9-9354-a3b6035afd7f-11236","trial_id":0,"state":1,"values":[0.986],"datetime_complete":"2025-11-26T18:08:42.551508"}
{"op_code":4,"worker_id":"ac6eeede-0d77-41d9-9354-a3b6035afd7f-11236","study_id":0,"datetime_start":"2025-11-26T18:08:42.571665"}
{"op_code":5,"worker_id":"ac6eeede-0d77-41d9-9354-a3b6035afd7f-11236","trial_id":1,"param_name":"c1_filters","param_value_internal":14.0,"distribution":"{\"name\": \"IntDistribution\", \"attributes\": {\"log\": false, \"step\": 2, \"low\": 4, \"high\": 16}}"}
{"op_code":5,"worker_id":"ac6eeede-0d77-41d9-9354-a3b6035afd7f-11236","trial_id":1,"param_name":"c3_filters","param_value_internal":12.0,"distribution":"{\"name\": \"IntDistribution\", \"attributes\": {\"log\": false, \"step\": 2, \"low\": 10, \"high\": 30}}"}
{"op_code":5,"worker_id":"ac6eeede-0d77-41d9-9354-a3b6035afd7f-11236","trial_id":1,"param_name":"f5_units","param_value_internal":120.0,"distribution":"{\"name\": \"IntDistribution\", \"attributes\": {\"log\": false, \"step\": 10, \"low\": 80, \"high\": 150}}"}
{"op_code":5,"worker_id":"ac6eeede-0d77-41d9-9354-a3b6035afd7f-11236","trial_id":1,"param_name":"f6_units","param_value_internal":95.0,"distribution":"{\"name\": \"IntDistribution\", \"attributes\": {\"log\": false, \"step\": 5, \"low\": 60, \"high\": 100}}"}
{"op_code":5,"worker_id":"ac6eeede-0d77-41d9-9354-a3b6035afd7f-11236","trial_id":1,"param_name":"activation","param_value_internal":0,"distribution":"{\"name\": \"CategoricalDistribution\", \"attributes\": {\"choices\": [\"tanh\", \"relu\"]}}"}
{"op_code":6,"worker_id":"ac6eeede-0d77-41d9-9354-a3b6035afd7f-11236","trial_id":1,"state":1,"values":[0.9853333333333333],"datetime_complete":"2025-11-26T18:13:49.884150"}
{"op_code":4,"worker_id":"ac6eeede-0d77-41d9-9354-a3b6035afd7f-11236","study_id":0,"datetime_start":"2025-11-26T18:13:49.901464"}
{"op_code":5,"worker_id":"ac6eeede-0d77-41d9-9354-a3b6035afd7f-11236","trial_id":2,"param_name":"c1_filters","param_value_internal":8.0,"distribution":"{\"name\": \"IntDistribution\", \"attributes\": {\"log\": false, \"step\": 2, \"low\": 4, \"high\": 16}}"}
{"op_code":5,"worker_id":"ac6eeede-0d77-41d9-9354-a3b6035afd7f-11236","trial_id":2,"param_name":"c3_filters","param_value_internal":28.0,"distribution":"{\"name\": \"IntDistribution\", \"attributes\": {\"log\": false, \"step\": 2, \"low\": 10, \"high\": 30}}"}
{"op_code":5,"worker_id":"ac6eeede-0d77-41d9-9354-a3b6035afd7f-11236","trial_id":2,"param_name":"f5_units","param_value_internal":80.0,"distribution":"{\"name\": \"IntDistribution\", \"attributes\": {\"log\": false, \"step\": 10, \"low\": 80, \"high\": 150}}"}
{"op_code":5,"worker_id":"ac6eeede-0d77-41d9-9354-a3b6035afd7f-11236","trial_id":2,"param_name":"f6_units","param_value_internal":70.0,"distribution":"{\"name\": \"IntDistribution\", \"attributes\": {\"log\": false, \"step\": 5, \"low\": 60, \"high\": 100}}"}
{"op_code":5,"worker_id":"ac6eeede-0d77-41d9-9354-a3b6035afd7f-11236","trial_id":2,"param_name":"activation","param_value_internal":1,"distribution":"{\"name\": \"CategoricalDistribution\", \"attributes\": {\"choices\": [\"tanh\", \"relu\"]}}"}
{"op_code":6,"worker_id":"ac6eeede-0d77-41d9-9354-a3b6035afd7f-11236","trial_id":2,"state":1,"values":[0.9860833333333333],"datetime_complete":"2025-11-26T18:19:14.686112"}
{"op_code":4,"worker_id":"ac6eeede-0d77-41d9-9354-a3b6035afd7f-11236","study_id":0,"datetime_start":"2025-11-26T18:19:14.704391"}
{"op_code":5,"worker_id":"ac6eeede-0d77-41d9-9354-a3b6035afd7f-11236","trial_id":3,"param_name":"c1_filters","param_value_internal":14.0,"distribution":"{\"name\": \"IntDistribution\", \"attributes\": {\"log\": false, \"step\": 2, \"low\": 4, \"high\": 16}}"}
{"op_code":5,"worker_id":"ac6eeede-0d77-41d9-9354-a3b6035afd7f-11236","trial_id":3,"param_name":"c3_filters","param_value_internal":10.0,"distribution":"{\"name\": \"IntDistribution\", \"attributes\": {\"log\": false, \"step\": 2, \"low\": 10, \"high\": 30}}"}
{"op_code":5,"worker_id":"ac6eeede-0d77-41d9-9354-a3b6035afd7f-11236","trial_id":3,"param_name":"f5_units","param_value_internal":110.0,"distribution":"{\"name\": \"IntDistribution\", \"attributes\": {\"log\": false, \"step\": 10, \"low\": 80, \"high\": 150}}"}
{"op_code":5,"worker_id":"ac6eeede-0d77-41d9-9354-a3b6035afd7f-11236","trial_id":3,"param_name":"f6_units","param_value_internal":95.0,"distribution":"{\"name\": \"IntDistribution\", \"attributes\": {\"log\": false, \"step\": 5, \"low\": 60, \"high\": 100}}"}
{"op_code":5,"worker_id":"ac6eeede-0d77-41d9-9354-a3b6035afd7f-11236","trial_id":3,"param_name":"activation","param_value_internal":1,"distribution":"{\"name\": \"CategoricalDistribution\", \"attributes\": {\"choices\": [\"tanh\", \"relu\"]}}"}
{"op_code":6,"worker_id":"ac6eeede-0d77-41d9-9354-a3b6035afd7f-11236","trial_id":3,"state":1,"values":[0.9845833333333334],"datetime_complete":"2025-11-26T18:23:54.880156"}
{"op_code":4,"worker_id":"ac6eeede-0d77-41d9-9354-a3b6035afd7f-11236","study_id":0,"datetime_start":"2025-11-26T18:23:54.899599"}
{"op_code":5,"worker_id":"ac6eeede-0d77-41d9-9354-a3b6035afd7f-11236","trial_id":4,"param_name":"c1_filters","param_value_internal":4.0,"distribution":"{\"name\": \"IntDistribution\", \"attributes\": {\"log\": false, \"step\": 2, \"low\": 4, \"high\": 16}}"}
{"op_code":5,"worker_id":"ac6eeede-0d77-41d9-9354-a3b6035afd7f-11236","trial_id":4,"param_name":"c3_filters","param_value_internal":28.0,"distribution":"{\"name\": \"IntDistribution\", \"attributes\": {\"log\": false, \"step\": 2, \"low\": 10, \"high\": 30}}"}
{"op_code":5,"worker_id":"ac6eeede-0d77-41d9-9354-a3b6035afd7f-11236","trial_id":4,"param_name":"f5_units","param_value_internal":130.0,"distribution":"{\"name\": \"IntDistribution\", \"attributes\": {\"log\": false, \"step\": 10, \"low\": 80, \"high\": 150}}"}
{"op_code":5,"worker_id":"ac6eeede-0d77-41d9-9354-a3b6035afd7f-11236","trial_id":4,"param_name":"f6_units","param_value_internal":70.0,"distribution":"{\"name\": \"IntDistribution\", \"attributes\": {\"log\": false, \"step\": 5, \"low\": 60, \"high\": 100}}"}
{"op_code":5,"worker_id":"ac6eeede-0d77-41d9-9354-a3b6035afd7f-11236","trial_id":4,"param_name":"activation","param_value_internal":0,"distribution":"{\"name\": \"CategoricalDistribution\", \"attributes\": {\"choices\": [\"tanh\", \"relu\"]}}"}
{"op_code":6,"worker_id":"ac6eeede-0d77-41d9-9354-a3b6035afd7f-11236","trial_id":4,"state":1,"values":[0.98625],"datetime_complete":"2025-11-26T18:28:47.277786"}
{"op_code":4,"worker_id":"ac6eeede-0d77-41d9-9354-a3b6035afd7f-11236","study_id":0,"datetime_start":"2025-11-26T18:28:47.297737"}
{"op_code":5,"worker_id":"ac6eeede-0d77-41d9-9354-a3b6035afd7f-11236","trial_id":5,"param_name":"c1_filters","param_value_internal":14.0,"distribution":"{\"name\": \"IntDistribution\", \"attributes\": {\"log\": false, \"step\": 2, \"low\": 4, \"high\": 16}}"}
{"op_code":5,"worker_id":"ac6eeede-0d77-41d9-9354-a3b6035afd7f-11236","trial_id":5,"param_name":"c3_filters","param_value_internal":10.0,"distribution":"{\"name\": \"IntDistribution\", \"attributes\": {\"log\": false, \"step\": 2, \"low\": 10, \"high\": 30}}"}
{"op_code":5,"worker_id":"ac6eeede-0d77-41d9-9354-a3b6035afd7f-11236","trial_id":5,"param_name":"f5_units","param_value_internal":150.0,"distribution":"{\"name\": \"IntDistribution\", \"attributes\": {\"log\": false, \"step\": 10, \"low\": 80, \"high\": 150}}"}
{"op_code":5,"worker_id":"ac6eeede-0d77-41d9-9354-a3b6035afd7f-11236","trial_id":5,"param_name":"f6_units","param_value_internal":100.0,"distribution":"{\"name\": \"IntDistribution\", \"attributes\": {\"log\": false, \"step\": 5, \"low\": 60, \"high\": 100}}"}
{"op_code":5,"worker_id":"ac6eeede-0d77-41d9-9354-a3b6035afd7f-11236","trial_id":5,"param_name":"activation","param_value_internal":1,"distribution":"{\"name\": \"CategoricalDistribution\", \"attributes\": {\"choices\": [\"tanh\", \"relu\"]}}"}
{"op_code":6,"worker_id":"ac6eeede-0d77-41d9-9354-a3b6035afd7f-11236","trial_id":5,"state":1,"values":[0.9854166666666667],"datetime_complete":"2025-11-26T18:33:27.909754"}
{"op_code":4,"worker_id":"ac6eeede-0d77-41d9-9354-a3b6035afd7f-11236","study_id":0,"datetime_start":"2025-11-26T18:33:27.931303"}
{"op_code":5,"worker_id":"ac6eeede-0d77-41d9-9354-a3b6035afd7f-11236","trial_id":6,"param_name":"c1_filters","param_value_internal":14.0,"distribution":"{\"name\": \"IntDistribution\", \"attributes\": {\"log\": false, \"step\": 2, \"low\": 4, \"high\": 16}}"}
{"op_code":5,"worker_id":"ac6eeede-0d77-41d9-9354-a3b6035afd7f-11236","trial_id":6,"param_name":"c3_filters","param_value_internal":20.0,"distribution":"{\"name\": \"IntDistribution\", \"attributes\": {\"log\": false, \"step\": 2, \"low\": 10, \"high\": 30}}"}
{"op_code":5,"worker_id":"ac6eeede-0d77-41d9-9354-a3b6035afd7f-11236","trial_id":6,"param_name":"f5_units","param_value_internal":90.0,"distribution":"{\"name\": \"IntDistribution\", \"attributes\": {\"log\": false, \"step\": 10, \"low\": 80, \"high\": 150}}"}
{"op_code":5,"worker_id":"ac6eeede-0d77-41d9-9354-a3b6035afd7f-11236","trial_id":6,"param_name":"f6_units","param_value_internal":70.0,"distribution":"{\"name\": \"IntDistribution\", \"attributes\": {\"log\": false, \"step\": 5, \"low\": 60, \"high\": 100}}"}
{"op_code":5,"worker_id":"ac6eeede-0d77-41d9-9354-a3b6035afd7f-11236","trial_id":6,"param_name":"activation","param_value_internal":1,"distribution":"{\"name\": \"CategoricalDistribution\", \"attributes\": {\"choices\": [\"tanh\", \"relu\"]}}"}
{"op_code":6,"worker_id":"ac6eeede-0d77-41d9-9354-a3b6035afd7f-11236","trial_id":6,"state":1,"values":[0.9874166666666667],"datetime_complete":"2025-11-26T18:38:44.714246"}
{"op_code":4,"worker_id":"ac6eeede-0d77-41d9-9354-a3b6035afd7f-11236","study_id":0,"datetime_start":"2025-11-26T18:38:44.731495"}
{"op_code":5,"worker_id":"ac6eeede-0d77-41d9-9354-a3b6035afd7f-11236","trial_id":7,"param_name":"c1_filters","param_value_internal":12.0,"distribution":"{\"name\": \"IntDistribution\", \"attributes\": {\"log\": false, \"step\": 2, \"low\": 4, \"high\": 16}}"}
{"op_code":5,"worker_id":"ac6eeede-0d77-41d9-9354-a3b6035afd7f-11236","trial_id":7,"param_name":"c3_filters","param_value_internal":20.0,"distribution":"{\"name\": \"IntDistribution\", \"attributes\": {\"log\": false, \"step\": 2, \"low\": 10, \"high\": 30}}"}
{"op_code":5,"worker_id":"ac6eeede-0d77-41d9-9354-a3b6035afd7f-11236","trial_id":7,"param_name":"f5_units","param_value_internal":80.0,"distribution":"{\"name\": \"IntDistribution\", \"attributes\": {\"log\": false, \"step\": 10, \"low\": 80, \"high\": 150}}"}
{"op_code":5,"worker_id":"ac6eeede-0d77-41d9-9354-a3b6035afd7f-11236","trial_id":7,"param_name":"f6_units","param_value_internal":60.0,"distribution":"{\"name\": \"IntDistribution\", \"attributes\": {\"log\": false, \"step\": 5, \"low\": 60, \"high\": 100}}"}
{"op_code":5,"worker_id":"ac6eeede-0d77-41d9-9354-a3b6035afd7f-11236","trial_id":7,"param_name":"activation","param_value_internal":1,"distribution":"{\"name\": \"CategoricalDistribution\", \"attributes\": {\"choices\": [\"tanh\", \"relu\"]}}"}
{"op_code":6,"worker_id":"ac6eeede-0d77-41d9-9354-a3b6035afd7f-11236","trial_id":7,"state":1,"values":[0.9859166666666667],"datetime_complete":"2025-11-26T18:44:04.226958"}
{"op_code":4,"worker_id":"ac6eeede-0d77-41d9-9354-a3b6035afd7f-11236","study_id":0,"datetime_start":"2025-11-26T18:44:04.247898"}
{"op_code":5,"worker_id":"ac6eeede-0d77-41d9-9354-a3b6035afd7f-11236","trial_id":8,"param_name":"c1_filters","param_value_internal":4.0,"distribution":"{\"name\": \"IntDistribution\", \"attributes\": {\"log\": false, \"step\": 2, \"low\": 4, \"high\": 16}}"}
{"op_code":5,"worker_id":"ac6eeede-0d77-41d9-9354-a3b6035afd7f-11236","trial_id":8,"param_name":"c3_filters","param_value_internal":26.0,"distribution":"{\"name\": \"IntDistribution\", \"attributes\": {\"log\": false, \"step\": 2, \"low\": 10, \"high\": 30}}"}
{"op_code":5,"worker_id":"ac6eeede-0d77-41d9-9354-a3b6035afd7f-11236","trial_id":8,"param_name":"f5_units","param_value_internal":100.0,"distribution":"{\"name\": \"IntDistribution\", \"attributes\": {\"log\": false, \"step\": 10, \"low\": 80, \"high\": 150}}"}
{"op_code":5,"worker_id":"ac6eeede-0d77-41d9-9354-a3b6035afd7f-11236","trial_id":8,"param_name":"f6_units","param_value_internal":60.0,"distribution":"{\"name\": \"IntDistribution\", \"attributes\": {\"log\": false, \"step\": 5, \"low\": 60, \"high\": 100}}"}
{"op_code":5,"worker_id":"ac6eeede-0d77-41d9-9354-a3b6035afd7f-11236","trial_id":8,"param_name":"activation","param_value_internal":1,"distribution":"{\"name\": \"CategoricalDistribution\", \"attributes\": {\"choices\": [\"tanh\", \"relu\"]}}"}
{"op_code":6,"worker_id":"ac6eeede-0d77-41d9-9354-a3b6035afd7f-11236","trial_id":8,"state":1,"values":[0.9879166666666667],"datetime_complete":"2025-11-26T18:48:27.046776"}
{"op_code":4,"worker_id":"ac6eeede-0d77-41d9-9354-a3b6035afd7f-11236","study_id":0,"datetime_start":"2025-11-26T18:48:27.065886"}
{"op_code":5,"worker_id":"ac6eeede-0d77-41d9-9354-a3b6035afd7f-11236","trial_id":9,"param_name":"c1_filters","param_value_internal":10.0,"distribution":"{\"name\": \"IntDistribution\", \"attributes\": {\"log\": false, \"step\": 2, \"low\": 4, \"high\": 16}}"}
{"op_code":5,"worker_id":"ac6eeede-0d77-41d9-9354-a3b6035afd7f-11236","trial_id":9,"param_name":"c3_filters","param_value_internal":16.0,"distribution":"{\"name\": \"IntDistribution\", \"attributes\": {\"log\": false, \"step\": 2, \"low\": 10, \"high\": 30}}"}
{"op_code":5,"worker_id":"ac6eeede-0d77-41d9-9354-a3b6035afd7f-11236","trial_id":9,"param_name":"f5_units","param_value_internal":110.0,"distribution":"{\"name\": \"IntDistribution\", \"attributes\": {\"log\": false, \"step\": 10, \"low\": 80, \"high\": 150}}"}
{"op_code":5,"worker_id":"ac6eeede-0d77-41d9-9354-a3b6035afd7f-11236","trial_id":9,"param_name":"f6_units","param_value_internal":75.0,"distribution":"{\"name\": \"IntDistribution\", \"attributes\": {\"log\": false, \"step\": 5, \"low\": 60, \"high\": 100}}"}
{"op_code":5,"worker_id":"ac6eeede-0d77-41d9-9354-a3b6035afd7f-11236","trial_id":9,"param_name":"activation","param_value_internal":1,"distribution":"{\"name\": \"CategoricalDistribution\", \"attributes\": {\"choices\": [\"tanh\", \"relu\"]}}"}
{"op_code":6,"worker_id":"ac6eeede-0d77-41d9-9354-a3b6035afd7f-11236","trial_id":9,"state":1,"values":[0.98475],"datetime_complete":"2025-11-26T18:52:48.739275"}
{"op_code":4,"worker_id":"ac6eeede-0d77-41d9-9354-a3b6035afd7f-11236","study_id":0,"datetime_start":"2025-11-26T18:52:48.759175"}
{"op_code":5,"worker_id":"ac6eeede-0d77-41d9-9354-a3b6035afd7f-11236","trial_id":10,"param_name":"c1_filters","param_value_internal":4.0,"distribution":"{\"name\": \"IntDistribution\", \"attributes\": {\"log\": false, \"step\": 2, \"low\": 4, \"high\": 16}}"}
{"op_code":5,"worker_id":"ac6eeede-0d77-41d9-9354-a3b6035afd7f-11236","trial_id":10,"param_name":"c3_filters","param_value_internal":24.0,"distribution":"{\"name\": \"IntDistribution\", \"attributes\": {\"log\": false, \"step\": 2, \"low\": 10, \"high\": 30}}"}
{"op_code":5,"worker_id":"ac6eeede-0d77-41d9-9354-a3b6035afd7f-11236","trial_id":10,"param_name":"f5_units","param_value_internal":140.0,"distribution":"{\"name\": \"IntDistribution\", \"attributes\": {\"log\": false, \"step\": 10, \"low\": 80, \"high\": 150}}"}
{"op_code":5,"worker_id":"ac6eeede-0d77-41d9-9354-a3b6035afd7f-11236","trial_id":10,"param_name":"f6_units","param_value_internal":60.0,"distribution":"{\"name\": \"IntDistribution\", \"attributes\": {\"log\": false, \"step\": 5, \"low\": 60, \"high\": 100}}"}
{"op_code":5,"worker_id":"ac6eeede-0d77-41d9-9354-a3b6035afd7f-11236","trial_id":10,"param_name":"activation","param_value_internal":0,"distribution":"{\"name\": \"CategoricalDistribution\", \"attributes\": {\"choices\": [\"tanh\", \"relu\"]}}"}
{"op_code":6,"worker_id":"ac6eeede-0d77-41d9-9354-a3b6035afd7f-11236","trial_id":10,"state":1,"values":[0.9850833333333333],"datetime_complete":"2025-11-26T18:57:05.341143"}
{"op_code":4,"worker_id":"ac6eeede-0d77-41d9-9354-a3b6035afd7f-11236","study_id":0,"datetime_start":"2025-11-26T18:57:05.357604"}
{"op_code":5,"worker_id":"ac6eeede-0d77-41d9-9354-a3b6035afd7f-11236","trial_id":11,"param_name":"c1_filters","param_value_internal":16.0,"distribution":"{\"name\": \"IntDistribution\", \"attributes\": {\"log\": false, \"step\": 2, \"low\": 4, \"high\": 16}}"}
{"op_code":5,"worker_id":"ac6eeede-0d77-41d9-9354-a3b6035afd7f-11236","trial_id":11,"param_name":"c3_filters","param_value_internal":24.0,"distribution":"{\"name\": \"IntDistribution\", \"attributes\": {\"log\": false, \"step\": 2, \"low\": 10, \"high\": 30}}"}
{"op_code":5,"worker_id":"ac6eeede-0d77-41d9-9354-a3b6035afd7f-11236","trial_id":11,"param_name":"f5_units","param_value_internal":100.0,"distribution":"{\"name\": \"IntDistribution\", \"attributes\": {\"log\": false, \"step\": 10, \"low\": 80, \"high\": 150}}"}
{"op_code":5,"worker_id":"ac6eeede-0d77-41d9-9354-a3b6035afd7f-11236","trial_id":11,"param_name":"f6_units","param_value_internal":80.0,"distribution":"{\"name\": \"IntDistribution\", \"attributes\": {\"log\": false, \"step\": 5, \"low\": 60, \"high\": 100}}"}
{"op_code":5,"worker_id":"ac6eeede-0d77-41d9-9354-a3b6035afd7f-11236","trial_id":11,"param_name":"activation","param_value_internal":1,"distribution":"{\"name\": \"CategoricalDistribution\", \"attributes\": {\"choices\": [\"tanh\", \"relu\"]}}"}
{"op_code":6,"worker_id":"ac6eeede-0d77-41d9-9354-a3b6035afd7f-11236","trial_id":11,"state":1,"values":[0.98375],"datetime_complete":"2025-11-26T19:01:48.558888"}
{"op_code":4,"worker_id":"ac6eeede-0d77-41d9-9354-a3b6035afd7f-11236","study_id":0,"datetime_start":"2025-11-26T19:01:48.573062"}
{"op_code":5,"worker_id":"ac6eeede-0d77-41d9-9354-a3b6035afd7f-11236","trial_id":12,"param_name":"c1_filters","param_value_internal":6.0,"distribution":"{\"name\": \"IntDistribution\", \"attributes\": {\"log\": false, \"step\": 2, \"low\": 4, \"high\": 16}}"}
{"op_code":5,"worker_id":"ac6eeede-0d77-41d9-9354-a3b6035afd7f-11236","trial_id":12,"param_name":"c3_filters","param_value_internal":24.0,"distribution":"{\"name\": \"IntDistribution\", \"attributes\": {\"log\": false, \"step\": 2, \"low\": 10, \"high\": 30}}"}
{"op_code":5,"worker_id":"ac6eeede-0d77-41d9-9354-a3b6035afd7f-11236","trial_id":12,"param_name":"f5_units","param_value_internal":100.0,"distribution":"{\"name\": \"IntDistribution\", \"attributes\": {\"log\": false, \"step\": 10, \"low\": 80, \"high\": 150}}"}
{"op_code":5,"worker_id":"ac6eeede-0d77-41d9-9354-a3b6035afd7f-11236","trial_id":12,"param_name":"f6_units","param_value_internal":60.0,"distribution":"{\"name\": \"IntDistribution\", \"attributes\": {\"log\": false, \"step\": 5, \"low\": 60, \"high\": 100}}"}
{"op_code":5,"worker_id":"ac6eeede-0d77-41d9-9354-a3b6035afd7f-11236","trial_id":12,"param_name":"activation","param_value_internal":1,"distribution":"{\"name\": \"CategoricalDistribution\", \"attributes\": {\"choices\": [\"tanh\", \"relu\"]}}"}
{"op_code":6,"worker_id":"ac6eeede-0d77-41d9-9354-a3b6035afd7f-11236","trial_id":12,"state":1,"values":[0.9868333333333333],"datetime_complete":"2025-11-26T19:06:15.144759"}
{"op_code":4,"worker_id":"ac6eeede-0d77-41d9-9354-a3b6035afd7f-11236","study_id":0,"datetime_start":"2025-11-26T19:06:15.164221"}
{"op_code":5,"worker_id":"ac6eeede-0d77-41d9-9354-a3b6035afd7f-11236","trial_id":13,"param_name":"c1_filters","param_value_internal":8.0,"distribution":"{\"name\": \"IntDistribution\", \"attributes\": {\"log\": false, \"step\": 2, \"low\": 4, \"high\": 16}}"}
{"op_code":5,"worker_id":"ac6eeede-0d77-41d9-9354-a3b6035afd7f-11236","trial_id":13,"param_name":"c3_filters","param_value_internal":30.0,"distribution":"{\"name\": \"IntDistribution\", \"attributes\": {\"log\": false, \"step\": 2, \"low\": 10, \"high\": 30}}"}
{"op_code":5,"worker_id":"ac6eeede-0d77-41d9-9354-a3b6035afd7f-11236","trial_id":13,"param_name":"f5_units","param_value_internal":90.0,"distribution":"{\"name\": \"IntDistribution\", \"attributes\": {\"log\": false, \"step\": 10, \"low\": 80, \"high\": 150}}"}
{"op_code":5,"worker_id":"ac6eeede-0d77-41d9-9354-a3b6035afd7f-11236","trial_id":13,"param_name":"f6_units","param_value_internal":65.0,"distribution":"{\"name\": \"IntDistribution\", \"attributes\": {\"log\": false, \"step\": 5, \"low\": 60, \"high\": 100}}"}
{"op_code":5,"worker_id":"ac6eeede-0d77-41d9-9354-a3b6035afd7f-11236","trial_id":13,"param_name":"activation","param_value_internal":1,"distribution":"{\"name\": \"CategoricalDistribution\", \"attributes\": {\"choices\": [\"tanh\", \"relu\"]}}"}
{"op_code":6,"worker_id":"ac6eeede-0d77-41d9-9354-a3b6035afd7f-11236","trial_id":13,"state":3,"values":null,"datetime_complete":"2025-11-26T19:08:48.392668"}
{"op_code":0,"worker_id":"2da177ef-f68f-405f-9b38-dfd0c0f8626f-3284","study_name":"mnist_lenet5","directions":[2]}
{"op_code":4,"worker_id":"2da177ef-f68f-405f-9b38-dfd0c0f8626f-3284","study_id":0,"datetime_start":"2025-11-26T21:33:10.554560"}
{"op_code":5,"worker_id":"2da177ef-f68f-405f-9b38-dfd0c0f8626f-3284","trial_id":14,"param_name":"c1_filters","param_value_internal":8.0,"distribution":"{\"name\": \"IntDistribution\", \"attributes\": {\"log\": false, \"step\": 2, \"low\": 4, \"high\": 16}}"}
{"op_code":5,"worker_id":"2da177ef-f68f-405f-9b38-dfd0c0f8626f-3284","trial_id":14,"param_name":"c3_filters","param_value_internal":30.0,"distribution":"{\"name\": \"IntDistribution\", \"attributes\": {\"log\": false, \"step\": 2, \"low\": 10, \"high\": 30}}"}
{"op_code":5,"worker_id":"2da177ef-f68f-405f-9b38-dfd0c0f8626f-3284","trial_id":14,"param_name":"f5_units","param_value_internal":90.0,"distribution":"{\"name\": \"IntDistribution\", \"attributes\": {\"log\": false, \"step\": 10, \"low\": 80, \"high\": 150}}"}
{"op_code":5,"worker_id":"2da177ef-f68f-405f-9b38-dfd0c0f8626f-3284","trial_id":14,"param_name":"f6_units","param_value_internal":65.0,"distribution":"{\"name\": \"IntDistribution\", \"attributes\": {\"log\": false, \"step\": 5, \"low\": 60, \"high\": 100}}"}
{"op_code":5,"worker_id":"2da177ef-f68f-405f-9b38-dfd0c0f8626f-3284","trial_id":14,"param_name":"activation","param_value_internal":1,"distribution":"{\"name\": \"CategoricalDistribution\", \"attributes\": {\"choices\": [\"tanh\", \"relu\"]}}"}
{"op_code":6,"worker_id":"2da177ef-f68f-405f-9b38-dfd0c0f8626f-3284","trial_id":14,"state":1,"values":[0.9878333333333333],"datetime_complete":"2025-11-26T21:37:13.294978"}
{"op_code":4,"worker_id":"2da177ef-f68f-405f-9b38-dfd0c0f8626f-3284","study_id":0,"datetime_start":"2025-11-26T21:37:13.312340"}
{"op_code":5,"worker_id":"2da177ef-f68f-405f-9b38-dfd0c0f8626f-3284","trial_id":15,"param_name":"c1_filters","param_value_internal":6.0,"distribution":"{\"name\": \"IntDistribution\", \"attributes\": {\"log\": false, \"step\": 2, \"low\": 4, \"high\": 16}}"}
{"op_code":5,"worker_id":"2da177ef-f68f-405f-9b38-dfd0c0f8626f-3284","trial_id":15,"param_name":"c3_filters","param_value_internal":30.0,"distribution":"{\"name\": \"IntDistribution\", \"attributes\": {\"log\": false, \"step\": 2, \"low\": 10, \"high\": 30}}"}
{"op_code":5,"worker_id":"2da177ef-f68f-405f-9b38-dfd0c0f8626f-3284","trial_id":15,"param_name":"f5_units","param_value_internal":100.0,"distribution":"{\"name\": \"IntDistribution\", \"attributes\": {\"log\": false, \"step\": 10, \"low\": 80, \"high\": 150}}"}
{"op_code":5,"worker_id":"2da177ef-f68f-405f-9b38-dfd0c0f8626f-3284","trial_id":15,"param_name":"f6_units","param_value_internal":85.0,"distribution":"{\"name\": \"IntDistribution\", \"attributes\": {\"log\": false, \"step\": 5, \"low\": 60, \"high\": 100}}"}
{"op_code":5,"worker_id":"2da177ef-f68f-405f-9b38-dfd0c0f8626f-3284","trial_id":15,"param_name":"activation","param_value_internal":0,"distribution":"{\"name\": \"CategoricalDistribution\", \"attributes\": {\"choices\": [\"tanh\", \"relu\"]}}"}
{"op_code":6,"worker_id":"2da177ef-f68f-405f-9b38-dfd0c0f8626f-3284","trial_id":15,"state":1,"values":[0.9878333333333333],"datetime_complete":"2025-11-26T21:41:33.028185"}
{"op_code":4,"worker_id":"2da177ef-f68f-405f-9b38-dfd0c0f8626f-3284","study_id":0,"datetime_start":"2025-11-26T21:41:33.043892"}
{"op_code":5,"worker_id":"2da177ef-f68f-405f-9b38-dfd0c0f8626f-3284","trial_id":16,"param_name":"c1_filters","param_value_internal":8.0,"distribution":"{\"name\": \"IntDistribution\", \"attributes\": {\"log\": false, \"step\": 2, \"low\": 4, \"high\": 16}}"}
{"op_code":5,"worker_id":"2da177ef-f68f-405f-9b38-dfd0c0f8626f-3284","trial_id":16,"param_name":"c3_filters","param_value_internal":30.0,"distribution":"{\"name\": \"IntDistribution\", \"attributes\": {\"log\": false, \"step\": 2, \"low\": 10, \"high\": 30}}"}
{"op_code":5,"worker_id":"2da177ef-f68f-405f-9b38-dfd0c0f8626f-3284","trial_id":16,"param_name":"f5_units","param_value_internal":90.0,"distribution":"{\"name\": \"IntDistribution\", \"attributes\": {\"log\": false, \"step\": 10, \"low\": 80, \"high\": 150}}"}
{"op_code":5,"worker_id":"2da177ef-f68f-405f-9b38-dfd0c0f8626f-3284","trial_id":16,"param_name":"f6_units","param_value_internal":65.0,"distribution":"{\"name\": \"IntDistribution\", \"attributes\": {\"log\": false, \"step\": 5, \"low\": 60, \"high\": 100}}"}
{"op_code":5,"worker_id":"2da177ef-f68f-405f-9b38-dfd0c0f8626f-3284","trial_id":16,"param_name":"activation","param_value_internal":1,"distribution":"{\"name\": \"CategoricalDistribution\", \"attributes\": {\"choices\": [\"tanh\", \"relu\"]}}"}
{"op_code":6,"worker_id":"2da177ef-f68f-405f-9b38-dfd0c0f8626f-3284","trial_id":16,"state":1,"values":[0.98625],"datetime_complete":"2025-11-26T21:46:04.949616"}
{"op_code":4,"worker_id":"2da177ef-f68f-405f-9b38-dfd0c0f8626f-3284","study_id":0,"datetime_start":"2025-11-26T21:46:04.967116"}
{"op_code":5,"worker_id":"2da177ef-f68f-405f-9b38-dfd0c0f8626f-3284","trial_id":17,"param_name":"c1_filters","param_value_internal":6.0,"distribution":"{\"name\": \"IntDistribution\", \"attributes\": {\"log\": false, \"step\": 2, \"low\": 4, \"high\": 16}}"}
{"op_code":5,"worker_id":"2da177ef-f68f-405f-9b38-dfd0c0f8626f-3284","trial_id":17,"param_name":"c3_filters","param_value_internal":26.0,"distribution":"{\"name\": \"IntDistribution\", \"attributes\": {\"log\": false, \"step\": 2, \"low\": 10, \"high\": 30}}"}
{"op_code":5,"worker_id":"2da177ef-f68f-405f-9b38-dfd0c0f8626f-3284","trial_id":17,"param_name":"f5_units","param_value_internal":120.0,"distribution":"{\"name\": \"IntDistribution\", \"attributes\": {\"log\": false, \"step\": 10, \"low\": 80, \"high\": 150}}"}
{"op_code":5,"worker_id":"2da177ef-f68f-405f-9b38-dfd0c0f8626f-3284","trial_id":17,"param_name":"f6_units","param_value_internal":80.0,"distribution":"{\"name\": \"IntDistribution\", \"attributes\": {\"log\": false, \"step\": 5, \"low\": 60, \"high\": 100}}"}
{"op_code":5,"worker_id":"2da177ef-f68f-405f-9b38-dfd0c0f8626f-3284","trial_id":17,"param_name":"activation","param_value_internal":1,"distribution":"{\"name\": \"CategoricalDistribution\", \"attributes\": {\"choices\": [\"tanh\", \"relu\"]}}"}
{"op_code":6,"worker_id":"2da177ef-f68f-405f-9b38-dfd0c0f8626f-3284","trial_id":17,"state":1,"values":[0.9865],"datetime_complete":"2025-11-26T21:50:31.486658"}
{"op_code":4,"worker_id":"2da177ef-f68f-405f-9b38-dfd0c0f8626f-3284","study_id":0,"datetime_start":"2025-11-26T21:50:31.504997"}
{"op_code":5,"worker_id":"2da177ef-f68f-405f-9b38-dfd0c0f8626f-3284","trial_id":18,"param_name":"c1_filters","param_value_internal":8.0,"distribution":"{\"name\": \"IntDistribution\", \"attributes\": {\"log\": false, \"step\": 2, \"low\": 4, \"high\": 16}}"}
{"op_code":5,"worker_id":"2da177ef-f68f-405f-9b38-dfd0c0f8626f-3284","trial_id":18,"param_name":"c3_filters","param_value_internal":26.0,"distribution":"{\"name\": \"IntDistribution\", \"attributes\": {\"log\": false, \"step\": 2, \"low\": 10, \"high\": 30}}"}
{"op_code":5,"worker_id":"2da177ef-f68f-405f-9b38-dfd0c0f8626f-3284","trial_id":18,"param_name":"f5_units","param_value_internal":80.0,"distribution":"{\"name\": \"IntDistribution\", \"attributes\": {\"log\": false, \"step\": 10, \"low\": 80, \"high\": 150}}"}
{"op_code":5,"worker_id":"2da177ef-f68f-405f-9b38-dfd0c0f8626f-3284","trial_id":18,"param_name":"f6_units","param_value_internal":65.0,"distribution":"{\"name\": \"IntDistribution\", \"attributes\": {\"log\": false, \"step\": 5, \"low\": 60, \"high\": 100}}"}
{"op_code":5,"worker_id":"2da177ef-f68f-405f-9b38-dfd0c0f8626f-3284","trial_id":18,"param_name":"activation","param_value_internal":1,"distribution":"{\"name\": \"CategoricalDistribution\", \"attributes\": {\"choices\": [\"tanh\", \"relu\"]}}"}
{"op_code":6,"worker_id":"2da177ef-f68f-405f-9b38-dfd0c0f8626f-3284","trial_id":18,"state":1,"values":[0.9855833333333334],"datetime_complete":"2025-11-26T21:54:58.342730"}
{"op_code":4,"worker_id":"2da177ef-f68f-405f-9b38-dfd0c0f8626f-3284","study_id":0,"datetime_start":"2025-11-26T21:54:58.361217"}
{"op_code":5,"worker_id":"2da177ef-f68f-405f-9b38-dfd0c0f8626f-3284","trial_id":19,"param_name":"c1_filters","param_value_internal":4.0,"distribution":"{\"name\": \"IntDistribution\", \"attributes\": {\"log\": false, \"step\": 2, \"low\": 4, \"high\": 16}}"}
{"op_code":5,"worker_id":"2da177ef-f68f-405f-9b38-dfd0c0f8626f-3284","trial_id":19,"param_name":"c3_filters","param_value_internal":30.0,"distribution":"{\"name\": \"IntDistribution\", \"attributes\": {\"log\": false, \"step\": 2, \"low\": 10, \"high\": 30}}"}
{"op_code":5,"worker_id":"2da177ef-f68f-405f-9b38-dfd0c0f8626f-3284","trial_id":19,"param_name":"f5_units","param_value_internal":100.0,"distribution":"{\"name\": \"IntDistribution\", \"attributes\": {\"log\": false, \"step\": 10, \"low\": 80, \"high\": 150}}"}
{"op_code":5,"worker_id":"2da177ef-f68f-405f-9b38-dfd0c0f8626f-3284","trial_id":19,"param_name":"f6_units","param_value_internal":65.0,"distribution":"{\"name\": \"IntDistribution\", \"attributes\": {\"log\": false, \"step\": 5, \"low\": 60, \"high\": 100}}"}
{"op_code":5,"worker_id":"2da177ef-f68f-405f-9b38-dfd0c0f8626f-3284","trial_id":19,"param_name":"activation","param_value_internal":0,"distribution":"{\"name\": \"CategoricalDistribution\", \"attributes\": {\"choices\": [\"tanh\", \"relu\"]}}"}
{"op_code":6,"worker_id":"2da177ef-f68f-405f-9b38-dfd0c0f8626f-3284","trial_id":19,"state":1,"values":[0.9865],"datetime_complete":"2025-11-26T21:59:25.776136"}
{"op_code":4,"worker_id":"2da177ef-f68f-405f-9b38-dfd0c0f8626f-3284","study_id":0,"datetime_start":"2025-11-26T21:59:25.792700"}
{"op_code":5,"worker_id":"2da177ef-f68f-405f-9b38-dfd0c0f8626f-3284","trial_id":20,"param_name":"c1_filters","param_value_internal":10.0,"distribution":"{\"name\": \"IntDistribution\", \"attributes\": {\"log\": false, \"step\": 2, \"low\": 4, \"high\": 16}}"}
{"op_code":5,"worker_id":"2da177ef-f68f-405f-9b38-dfd0c0f8626f-3284","trial_id":20,"param_name":"c3_filters","param_value_internal":22.0,"distribution":"{\"name\": \"IntDistribution\", \"attributes\": {\"log\": false, \"step\": 2, \"low\": 10, \"high\": 30}}"}
{"op_code":5,"worker_id":"2da177ef-f68f-405f-9b38-dfd0c0f8626f-3284","trial_id":20,"param_name":"f5_units","param_value_internal":110.0,"distribution":"{\"name\": \"IntDistribution\", \"attributes\": {\"log\": false, \"step\": 10, \"low\": 80, \"high\": 150}}"}
{"op_code":5,"worker_id":"2da177ef-f68f-405f-9b38-dfd0c0f8626f-3284","trial_id":20,"param_name":"f6_units","param_value_internal":80.0,"distribution":"{\"name\": \"IntDistribution\", \"attributes\": {\"log\": false, \"step\": 5, \"low\": 60, \"high\": 100}}"}
{"op_code":5,"worker_id":"2da177ef-f68f-405f-9b38-dfd0c0f8626f-3284","trial_id":20,"param_name":"activation","param_value_internal":1,"distribution":"{\"name\": \"CategoricalDistribution\", \"attributes\": {\"choices\": [\"tanh\", \"relu\"]}}"}
{"op_code":6,"worker_id":"2da177ef-f68f-405f-9b38-dfd0c0f8626f-3284","trial_id":20,"state":1,"values":[0.9863333333333333],"datetime_complete":"2025-11-26T22:04:01.307295"}
{"op_code":4,"worker_id":"2da177ef-f68f-405f-9b38-dfd0c0f8626f-3284","study_id":0,"datetime_start":"2025-11-26T22:04:01.325106"}
{"op_code":5,"worker_id":"2da177ef-f68f-405f-9b38-dfd0c0f8626f-3284","trial_id":21,"param_name":"c1_filters","param_value_internal":6.0,"distribution":"{\"name\": \"IntDistribution\", \"attributes\": {\"log\": false, \"step\": 2, \"low\": 4, \"high\": 16}}"}
{"op_code":5,"worker_id":"2da177ef-f68f-405f-9b38-dfd0c0f8626f-3284","trial_id":21,"param_name":"c3_filters","param_value_internal":28.0,"distribution":"{\"name\": \"IntDistribution\", \"attributes\": {\"log\": false, \"step\": 2, \"low\": 10, \"high\": 30}}"}
{"op_code":5,"worker_id":"2da177ef-f68f-405f-9b38-dfd0c0f8626f-3284","trial_id":21,"param_name":"f5_units","param_value_internal":90.0,"distribution":"{\"name\": \"IntDistribution\", \"attributes\": {\"log\": false, \"step\": 10, \"low\": 80, \"high\": 150}}"}
{"op_code":5,"worker_id":"2da177ef-f68f-405f-9b38-dfd0c0f8626f-3284","trial_id":21,"param_name":"f6_units","param_value_internal":60.0,"distribution":"{\"name\": \"IntDistribution\", \"attributes\": {\"log\": false, \"step\": 5, \"low\": 60, \"high\": 100}}"}
{"op_code":5,"worker_id":"2da177ef-f68f-405f-9b38-dfd0c0f8626f-3284","trial_id":21,"param_name":"activation","param_value_internal":1,"distribution":"{\"name\": \"CategoricalDistribution\", \"attributes\": {\"choices\": [\"tanh\", \"relu\"]}}"}
{"op_code":6,"worker_id":"2da177ef-f68f-405f-9b38-dfd0c0f8626f-3284","trial_id":21,"state":1,"values":[0.9876666666666667],"datetime_complete":"2025-11-26T22:08:27.868091"}
{"op_code":4,"worker_id":"2da177ef-f68f-405f-9b38-dfd0c0f8626f-3284","study_id":0,"datetime_start":"2025-11-26T22:08:27.884218"}
{"op_code":5,"worker_id":"2da177ef-f68f-405f-9b38-dfd0c0f8626f-3284","trial_id":22,"param_name":"c1_filters","param_value_internal":6.0,"distribution":"{\"name\": \"IntDistribution\", \"attributes\": {\"log\": false, \"step\": 2, \"low\": 4, \"high\": 16}}"}
{"op_code":5,"worker_id":"2da177ef-f68f-405f-9b38-dfd0c0f8626f-3284","trial_id":22,"param_name":"c3_filters","param_value_internal":30.0,"distribution":"{\"name\": \"IntDistribution\", \"attributes\": {\"log\": false, \"step\": 2, \"low\": 10, \"high\": 30}}"}
{"op_code":5,"worker_id":"2da177ef-f68f-405f-9b38-dfd0c0f8626f-3284","trial_id":22,"param_name":"f5_units","param_value_internal":100.0,"distribution":"{\"name\": \"IntDistribution\", \"attributes\": {\"log\": false, \"step\": 10, \"low\": 80, \"high\": 150}}"}
{"op_code":5,"worker_id":"2da177ef-f68f-405f-9b38-dfd0c0f8626f-3284","trial_id":22,"param_name":"f6_units","param_value_internal":85.0,"distribution":"{\"name\": \"IntDistribution\", \"attributes\": {\"log\": false, \"step\": 5, \"low\": 60, \"high\": 100}}"}
{"op_code":5,"worker_id":"2da177ef-f68f-405f-9b38-dfd0c0f8626f-3284","trial_id":22,"param_name":"activation","param_value_internal":0,"distribution":"{\"name\": \"CategoricalDistribution\", \"attributes\": {\"choices\": [\"tanh\", \"relu\"]}}"}
{"op_code":6,"worker_id":"2da177ef-f68f-405f-9b38-dfd0c0f8626f-3284","trial_id":22,"state":1,"values":[0.9851666666666666],"datetime_complete":"2025-11-26T22:12:56.287893"}
{"op_code":4,"worker_id":"2da177ef-f68f-405f-9b38-dfd0c0f8626f-3284","study_id":0,"datetime_start":"2025-11-26T22:12:56.304788"}
{"op_code":5,"worker_id":"2da177ef-f68f-405f-9b38-dfd0c0f8626f-3284","trial_id":23,"param_name":"c1_filters","param_value_internal":4.0,"distribution":"{\"name\": \"IntDistribution\", \"attributes\": {\"log\": false, \"step\": 2, \"low\": 4, \"high\": 16}}"}
{"op_code":5,"worker_id":"2da177ef-f68f-405f-9b38-dfd0c0f8626f-3284","trial_id":23,"param_name":"c3_filters","param_value_internal":26.0,"distribution":"{\"name\": \"IntDistribution\", \"attributes\": {\"log\": false, \"step\": 2, \"low\": 10, \"high\": 30}}"}
{"op_code":5,"worker_id":"2da177ef-f68f-405f-9b38-dfd0c0f8626f-3284","trial_id":23,"param_name":"f5_units","param_value_internal":100.0,"distribution":"{\"name\": \"IntDistribution\", \"attributes\": {\"log\": false, \"step\": 10, \"low\": 80, \"high\": 150}}"}
{"op_code":5,"worker_id":"2da177ef-f68f-405f-9b38-dfd0c0f8626f-3284","trial_id":23,"param_name":"f6_units","param_value_internal":90.0,"distribution":"{\"name\": \"IntDistribution\", \"attributes\": {\"log\": false, \"step\": 5, \"low\": 60, \"high\": 100}}"}
{"op_code":5,"worker_id":"2da177ef-f68f-405f-9b38-dfd0c0f8626f-3284","trial_id":23,"param_name":"activation","param_value_internal":0,"distribution":"{\"name\": \"CategoricalDistribution\", \"attributes\": {\"choices\": [\"tanh\", \"relu\"]}}"}
{"op_code":6,"worker_id":"2da177ef-f68f-405f-9b38-dfd0c0f8626f-3284","trial_id":23,"state":1,"values":[0.9855833333333334],"datetime_complete":"2025-11-26T22:17:27.350483"}
{"op_code":4,"worker_id":"2da177ef-f68f-405f-9b38-dfd0c0f8626f-3284","study_id":0,"datetime_start":"2025-11-26T22:17:27.365748"}
{"op_code":5,"worker_id":"2da177ef-f68f-405f-9b38-dfd0c0f8626f-3284","trial_id":24,"param_name":"c1_filters","param_value_internal":8.0,"distribution":"{\"name\": \"IntDistribution\", \"attributes\": {\"log\": false, \"step\": 2, \"low\": 4, \"high\": 16}}"}
{"op_code":5,"worker_id":"2da177ef-f68f-405f-9b38-dfd0c0f8626f-3284","trial_id":24,"param_name":"c3_filters","param_value_internal":30.0,"distribution":"{\"name\": \"IntDistribution\", \"attributes\": {\"log\": false, \"step\": 2, \"low\": 10, \"high\": 30}}"}
{"op_code":5,"worker_id":"2da177ef-f68f-405f-9b38-dfd0c0f8626f-3284","trial_id":24,"param_name":"f5_units","param_value_internal":90.0,"distribution":"{\"name\": \"IntDistribution\", \"attributes\": {\"log\": false, \"step\": 10, \"low\": 80, \"high\": 150}}"}
{"op_code":5,"worker_id":"2da177ef-f68f-405f-9b38-dfd0c0f8626f-3284","trial_id":24,"param_name":"f6_units","param_value_internal":85.0,"distribution":"{\"name\": \"IntDistribution\", \"attributes\": {\"log\": false, \"step\": 5, \"low\": 60, \"high\": 100}}"}
{"op_code":5,"worker_id":"2da177ef-f68f-405f-9b38-dfd0c0f8626f-3284","trial_id":24,"param_name":"activation","param_value_internal":0,"distribution":"{\"name\": \"CategoricalDistribution\", \"attributes\": {\"choices\": [\"tanh\", \"relu\"]}}"}
{"op_code":6,"worker_id":"2da177ef-f68f-405f-9b38-dfd0c0f8626f-3284","trial_id":24,"state":1,"values":[0.9855],"datetime_complete":"2025-11-26T22:21:55.665442"}
{"op_code":4,"worker_id":"2da177ef-f68f-405f-9b38-dfd0c0f8626f-3284","study_id":0,"datetime_start":"2025-11-26T22:21:55.683695"}
{"op_code":5,"worker_id":"2da177ef-f68f-405f-9b38-dfd0c0f8626f-3284","trial_id":25,"param_name":"c1_filters","param_value_internal":6.0,"distribution":"{\"name\": \"IntDistribution\", \"attributes\": {\"log\": false, \"step\": 2, \"low\": 4, \"high\": 16}}"}
{"op_code":5,"worker_id":"2da177ef-f68f-405f-9b38-dfd0c0f8626f-3284","trial_id":25,"param_name":"c3_filters","param_value_internal":28.0,"distribution":"{\"name\": \"IntDistribution\", \"attributes\": {\"log\": false, \"step\": 2, \"low\": 10, \"high\": 30}}"}
{"op_code":5,"worker_id":"2da177ef-f68f-405f-9b38-dfd0c0f8626f-3284","trial_id":25,"param_name":"f5_units","param_value_internal":110.0,"distribution":"{\"name\": \"IntDistribution\", \"attributes\": {\"log\": false, \"step\": 10, \"low\": 80, \"high\": 150}}"}
{"op_code":5,"worker_id":"2da177ef-f68f-405f-9b38-dfd0c0f8626f-3284","trial_id":25,"param_name":"f6_units","param_value_internal":75.0,"distribution":"{\"name\": \"IntDistribution\", \"attributes\": {\"log\": false, \"step\": 5, \"low\": 60, \"high\": 100}}"}
{"op_code":5,"worker_id":"2da177ef-f68f-405f-9b38-dfd0c0f8626f-3284","trial_id":25,"param_name":"activation","param_value_internal":0,"distribution":"{\"name\": \"CategoricalDistribution\", \"attributes\": {\"choices\": [\"tanh\", \"relu\"]}}"}
{"op_code":6,"worker_id":"2da177ef-f68f-405f-9b38-dfd0c0f8626f-3284","trial_id":25,"state":1,"values":[0.9853333333333333],"datetime_complete":"2025-11-26T22:26:26.794244"}
{"op_code":4,"worker_id":"2da177ef-f68f-405f-9b38-dfd0c0f8626f-3284","study_id":0,"datetime_start":"2025-11-26T22:26:26.810382"}
{"op_code":5,"worker_id":"2da177ef-f68f-405f-9b38-dfd0c0f8626f-3284","trial_id":26,"param_name":"c1_filters","param_value_internal":8.0,"distribution":"{\"name\": \"IntDistribution\", \"attributes\": {\"log\": false, \"step\": 2, \"low\": 4, \"high\": 16}}"}
{"op_code":5,"worker_id":"2da177ef-f68f-405f-9b38-dfd0c0f8626f-3284","trial_id":26,"param_name":"c3_filters","param_value_internal":26.0,"distribution":"{\"name\": \"IntDistribution\", \"attributes\": {\"log\": false, \"step\": 2, \"low\": 10, \"high\": 30}}"}
{"op_code":5,"worker_id":"2da177ef-f68f-405f-9b38-dfd0c0f8626f-3284","trial_id":26,"param_name":"f5_units","param_value_internal":120.0,"distribution":"{\"name\": \"IntDistribution\", \"attributes\": {\"log\": false, \"step\": 10, \"low\": 80, \"high\": 150}}"}
{"op_code":5,"worker_id":"2da177ef-f68f-405f-9b38-dfd0c0f8626f-3284","trial_id":26,"param_name":"f6_units","param_value_internal":85.0,"distribution":"{\"name\": \"IntDistribution\", \"attributes\": {\"log\": false, \"step\": 5, \"low\": 60, \"high\": 100}}"}
{"op_code":5,"worker_id":"2da177ef-f68f-405f-9b38-dfd0c0f8626f-3284","trial_id":26,"param_name":"activation","param_value_internal":0,"distribution":"{\"name\": \"CategoricalDistribution\", \"attributes\": {\"choices\": [\"tanh\", \"relu\"]}}"}
{"op_code":6,"worker_id":"2da177ef-f68f-405f-9b38-dfd0c0f8626f-3284","trial_id":26,"state":1,"values":[0.9866666666666667],"datetime_complete":"2025-11-26T22:30:55.338539"}
{"op_code":4,"worker_id":"2da177ef-f68f-405f-9b38-dfd0c0f8626f-3284","study_id":0,"datetime_start":"2025-11-26T22:30:55.354909"}
{"op_code":5,"worker_id":"2da177ef-f68f-405f-9b38-dfd0c0f8626f-3284","trial_id":27,"param_name":"c1_filters","param_value_internal":4.0,"distribution":"{\"name\": \"IntDistribution\", \"attributes\": {\"log\": false, \"step\": 2, \"low\": 4, \"high\": 16}}"}
{"op_code":5,"worker_id":"2da177ef-f68f-405f-9b38-dfd0c0f8626f-3284","trial_id":27,"param_name":"c3_filters","param_value_internal":30.0,"distribution":"{\"name\": \"IntDistribution\", \"attributes\": {\"log\": false, \"step\": 2, \"low\": 10, \"high\": 30}}"}
{"op_code":5,"worker_id":"2da177ef-f68f-405f-9b38-dfd0c0f8626f-3284","trial_id":27,"param_name":"f5_units","param_value_internal":100.0,"distribution":"{\"name\": \"IntDistribution\", \"attributes\": {\"log\": false, \"step\": 10, \"low\": 80, \"high\": 150}}"}
{"op_code":5,"worker_id":"2da177ef-f68f-405f-9b38-dfd0c0f8626f-3284","trial_id":27,"param_name":"f6_units","param_value_internal":75.0,"distribution":"{\"name\": \"IntDistribution\", \"attributes\": {\"log\": false, \"step\": 5, \"low\": 60, \"high\": 100}}"}
{"op_code":5,"worker_id":"2da177ef-f68f-405f-9b38-dfd0c0f8626f-3284","trial_id":27,"param_name":"activation","param_value_internal":0,"distribution":"{\"name\": \"CategoricalDistribution\", \"attributes\": {\"choices\": [\"tanh\", \"relu\"]}}"}
{"op_code":6,"worker_id":"2da177ef-f68f-405f-9b38-dfd0c0f8626f-3284","trial_id":27,"state":1,"values":[0.9853333333333333],"datetime_complete":"2025-11-26T22:35:25.436154"}
{"op_code":4,"worker_id":"2da177ef-f68f-405f-9b38-dfd0c0f8626f-3284","study_id":0,"datetime_start":"2025-11-26T22:35:25.453628"}
{"op_code":5,"worker_id":"2da177ef-f68f-405f-9b38-dfd0c0f8626f-3284","trial_id":28,"param_name":"c1_filters","param_value_internal":6.0,"distribution":"{\"name\": \"IntDistribution\", \"attributes\": {\"log\": false, \"step\": 2, \"low\": 4, \"high\": 16}}"}
{"op_code":5,"worker_id":"2da177ef-f68f-405f-9b38-dfd0c0f8626f-3284","trial_id":28,"param_name":"c3_filters","param_value_internal":22.0,"distribution":"{\"name\": \"IntDistribution\", \"attributes\": {\"log\": false, \"step\": 2, \"low\": 10, \"high\": 30}}"}
{"op_code":5,"worker_id":"2da177ef-f68f-405f-9b38-dfd0c0f8626f-3284","trial_id":28,"param_name":"f5_units","param_value_internal":80.0,"distribution":"{\"name\": \"IntDistribution\", \"attributes\": {\"log\": false, \"step\": 10, \"low\": 80, \"high\": 150}}"}
{"op_code":5,"worker_id":"2da177ef-f68f-405f-9b38-dfd0c0f8626f-3284","trial_id":28,"param_name":"f6_units","param_value_internal":65.0,"distribution":"{\"name\": \"IntDistribution\", \"attributes\": {\"log\": false, \"step\": 5, \"low\": 60, \"high\": 100}}"}
{"op_code":5,"worker_id":"2da177ef-f68f-405f-9b38-dfd0c0f8626f-3284","trial_id":28,"param_name":"activation","param_value_internal":1,"distribution":"{\"name\": \"CategoricalDistribution\", \"attributes\": {\"choices\": [\"tanh\", \"relu\"]}}"}
{"op_code":6,"worker_id":"2da177ef-f68f-405f-9b38-dfd0c0f8626f-3284","trial_id":28,"state":1,"values":[0.9853333333333333],"datetime_complete":"2025-11-26T22:39:55.345753"}
{"op_code":4,"worker_id":"2da177ef-f68f-405f-9b38-dfd0c0f8626f-3284","study_id":0,"datetime_start":"2025-11-26T22:39:55.366187"}
{"op_code":5,"worker_id":"2da177ef-f68f-405f-9b38-dfd0c0f8626f-3284","trial_id":29,"param_name":"c1_filters","param_value_internal":10.0,"distribution":"{\"name\": \"IntDistribution\", \"attributes\": {\"log\": false, \"step\": 2, \"low\": 4, \"high\": 16}}"}
{"op_code":5,"worker_id":"2da177ef-f68f-405f-9b38-dfd0c0f8626f-3284","trial_id":29,"param_name":"c3_filters","param_value_internal":28.0,"distribution":"{\"name\": \"IntDistribution\", \"attributes\": {\"log\": false, \"step\": 2, \"low\": 10, \"high\": 30}}"}
{"op_code":5,"worker_id":"2da177ef-f68f-405f-9b38-dfd0c0f8626f-3284","trial_id":29,"param_name":"f5_units","param_value_internal":90.0,"distribution":"{\"name\": \"IntDistribution\", \"attributes\": {\"log\": false, \"step\": 10, \"low\": 80, \"high\": 150}}"}
{"op_code":5,"worker_id":"2da177ef-f68f-405f-9b38-dfd0c0f8626f-3284","trial_id":29,"param_name":"f6_units","param_value_internal":90.0,"distribution":"{\"name\": \"IntDistribution\", \"attributes\": {\"log\": false, \"step\": 5, \"low\": 60, \"high\": 100}}"}
{"op_code":5,"worker_id":"2da177ef-f68f-405f-9b38-dfd0c0f8626f-3284","trial_id":29,"param_name":"activation","param_value_internal":0,"distribution":"{\"name\": \"CategoricalDistribution\", \"attributes\": {\"choices\": [\"tanh\", \"relu\"]}}"}
{"op_code":6,"worker_id":"2da177ef-f68f-405f-9b38-dfd0c0f8626f-3284","trial_id":29,"state":1,"values":[0.9886666666666667],"datetime_complete":"2025-11-26T22:44:43.713841"}
{"op_code":4,"worker_id":"2da177ef-f68f-405f-9b38-dfd0c0f8626f-3284","study_id":0,"datetime_start":"2025-11-26T22:44:43.730087"}
{"op_code":5,"worker_id":"2da177ef-f68f-405f-9b38-dfd0c0f8626f-3284","trial_id":30,"param_name":"c1_filters","param_value_internal":12.0,"distribution":"{\"name\": \"IntDistribution\", \"attributes\": {\"log\": false, \"step\": 2, \"low\": 4, \"high\": 16}}"}
{"op_code":5,"worker_id":"2da177ef-f68f-405f-9b38-dfd0c0f8626f-3284","trial_id":30,"param_name":"c3_filters","param_value_internal":18.0,"distribution":"{\"name\": \"IntDistribution\", \"attributes\": {\"log\": false, \"step\": 2, \"low\": 10, \"high\": 30}}"}
{"op_code":5,"worker_id":"2da177ef-f68f-405f-9b38-dfd0c0f8626f-3284","trial_id":30,"param_name":"f5_units","param_value_internal":90.0,"distribution":"{\"name\": \"IntDistribution\", \"attributes\": {\"log\": false, \"step\": 10, \"low\": 80, \"high\": 150}}"}
{"op_code":5,"worker_id":"2da177ef-f68f-405f-9b38-dfd0c0f8626f-3284","trial_id":30,"param_name":"f6_units","param_value_internal":90.0,"distribution":"{\"name\": \"IntDistribution\", \"attributes\": {\"log\": false, \"step\": 5, \"low\": 60, \"high\": 100}}"}
{"op_code":5,"worker_id":"2da177ef-f68f-405f-9b38-dfd0c0f8626f-3284","trial_id":30,"param_name":"activation","param_value_internal":1,"distribution":"{\"name\": \"CategoricalDistribution\", \"attributes\": {\"choices\": [\"tanh\", \"relu\"]}}"}
{"op_code":6,"worker_id":"2da177ef-f68f-405f-9b38-dfd0c0f8626f-3284","trial_id":30,"state":1,"values":[0.9864166666666667],"datetime_complete":"2025-11-26T22:49:21.670705"}
{"op_code":4,"worker_id":"2da177ef-f68f-405f-9b38-dfd0c0f8626f-3284","study_id":0,"datetime_start":"2025-11-26T22:49:21.686818"}
{"op_code":5,"worker_id":"2da177ef-f68f-405f-9b38-dfd0c0f8626f-3284","trial_id":31,"param_name":"c1_filters","param_value_internal":12.0,"distribution":"{\"name\": \"IntDistribution\", \"attributes\": {\"log\": false, \"step\": 2, \"low\": 4, \"high\": 16}}"}
{"op_code":5,"worker_id":"2da177ef-f68f-405f-9b38-dfd0c0f8626f-3284","trial_id":31,"param_name":"c3_filters","param_value_internal":22.0,"distribution":"{\"name\": \"IntDistribution\", \"attributes\": {\"log\": false, \"step\": 2, \"low\": 10, \"high\": 30}}"}
{"op_code":5,"worker_id":"2da177ef-f68f-405f-9b38-dfd0c0f8626f-3284","trial_id":31,"param_name":"f5_units","param_value_internal":90.0,"distribution":"{\"name\": \"IntDistribution\", \"attributes\": {\"log\": false, \"step\": 10, \"low\": 80, \"high\": 150}}"}
{"op_code":5,"worker_id":"2da177ef-f68f-405f-9b38-dfd0c0f8626f-3284","trial_id":31,"param_name":"f6_units","param_value_internal":100.0,"distribution":"{\"name\": \"IntDistribution\", \"attributes\": {\"log\": false, \"step\": 5, \"low\": 60, \"high\": 100}}"}
{"op_code":5,"worker_id":"2da177ef-f68f-405f-9b38-dfd0c0f8626f-3284","trial_id":31,"param_name":"activation","param_value_internal":1,"distribution":"{\"name\": \"CategoricalDistribution\", \"attributes\": {\"choices\": [\"tanh\", \"relu\"]}}"}
{"op_code":6,"worker_id":"2da177ef-f68f-405f-9b38-dfd0c0f8626f-3284","trial_id":31,"state":1,"values":[0.9854166666666667],"datetime_complete":"2025-11-26T22:53:59.659161"}
{"op_code":4,"worker_id":"2da177ef-f68f-405f-9b38-dfd0c0f8626f-3284","study_id":0,"datetime_start":"2025-11-26T22:53:59.675284"}
{"op_code":5,"worker_id":"2da177ef-f68f-405f-9b38-dfd0c0f8626f-3284","trial_id":32,"param_name":"c1_filters","param_value_internal":10.0,"distribution":"{\"name\": \"IntDistribution\", \"attributes\": {\"log\": false, \"step\": 2, \"low\": 4, \"high\": 16}}"}
{"op_code":5,"worker_id":"2da177ef-f68f-405f-9b38-dfd0c0f8626f-3284","trial_id":32,"param_name":"c3_filters","param_value_internal":28.0,"distribution":"{\"name\": \"IntDistribution\", \"attributes\": {\"log\": false, \"step\": 2, \"low\": 10, \"high\": 30}}"}
{"op_code":5,"worker_id":"2da177ef-f68f-405f-9b38-dfd0c0f8626f-3284","trial_id":32,"param_name":"f5_units","param_value_internal":90.0,"distribution":"{\"name\": \"IntDistribution\", \"attributes\": {\"log\": false, \"step\": 10, \"low\": 80, \"high\": 150}}"}
{"op_code":5,"worker_id":"2da177ef-f68f-405f-9b38-dfd0c0f8626f-3284","trial_id":32,"param_name":"f6_units","param_value_internal":90.0,"distribution":"{\"name\": \"IntDistribution\", \"attributes\": {\"log\": false, \"step\": 5, \"low\": 60, \"high\": 100}}"}
{"op_code":5,"worker_id":"2da177ef-f68f-405f-9b38-dfd0c0f8626f-3284","trial_id":32,"param_name":"activation","param_value_internal":0,"distribution":"{\"name\": \"CategoricalDistribution\", \"attributes\": {\"choices\": [\"tanh\", \"relu\"]}}"}
{"op_code":6,"worker_id":"2da177ef-f68f-405f-9b38-dfd0c0f8626f-3284","trial_id":32,"state":1,"values":[0.9871666666666666],"datetime_complete":"2025-11-26T22:58:43.849052"}
{"op_code":4,"worker_id":"2da177ef-f68f-405f-9b38-dfd0c0f8626f-3284","study_id":0,"datetime_start":"2025-11-26T22:58:43.864404"}
{"op_code":5,"worker_id":"2da177ef-f68f-405f-9b38-dfd0c0f8626f-3284","trial_id":33,"param_name":"c1_filters","param_value_internal":8.0,"distribution":"{\"name\": \"IntDistribution\", \"attributes\": {\"log\": false, \"step\": 2, \"low\": 4, \"high\": 16}}"}
{"op_code":5,"worker_id":"2da177ef-f68f-405f-9b38-dfd0c0f8626f-3284","trial_id":33,"param_name":"c3_filters","param_value_internal":28.0,"distribution":"{\"name\": \"IntDistribution\", \"attributes\": {\"log\": false, \"step\": 2, \"low\": 10, \"high\": 30}}"}
{"op_code":5,"worker_id":"2da177ef-f68f-405f-9b38-dfd0c0f8626f-3284","trial_id":33,"param_name":"f5_units","param_value_internal":100.0,"distribution":"{\"name\": \"IntDistribution\", \"attributes\": {\"log\": false, \"step\": 10, \"low\": 80, \"high\": 150}}"}
{"op_code":5,"worker_id":"2da177ef-f68f-405f-9b38-dfd0c0f8626f-3284","trial_id":33,"param_name":"f6_units","param_value_internal":95.0,"distribution":"{\"name\": \"IntDistribution\", \"attributes\": {\"log\": false, \"step\": 5, \"low\": 60, \"high\": 100}}"}
{"op_code":5,"worker_id":"2da177ef-f68f-405f-9b38-dfd0c0f8626f-3284","trial_id":33,"param_name":"activation","param_value_internal":0,"distribution":"{\"name\": \"CategoricalDistribution\", \"attributes\": {\"choices\": [\"tanh\", \"relu\"]}}"}
{"op_code":6,"worker_id":"2da177ef-f68f-405f-9b38-dfd0c0f8626f-3284","trial_id":33,"state":1,"values":[0.9875],"datetime_complete":"2025-11-26T23:03:13.274752"}
{"op_code":4,"worker_id":"2da177ef-f68f-405f-9b38-dfd0c0f8626f-3284","study_id":0,"datetime_start":"2025-11-26T23:03:13.292801"}
{"op_code":5,"worker_id":"2da177ef-f68f-405f-9b38-dfd0c0f8626f-3284","trial_id":34,"param_name":"c1_filters","param_value_internal":10.0,"distribution":"{\"name\": \"IntDistribution\", \"attributes\": {\"log\": false, \"step\": 2, \"low\": 4, \"high\": 16}}"}
{"op_code":5,"worker_id":"2da177ef-f68f-405f-9b38-dfd0c0f8626f-3284","trial_id":34,"param_name":"c3_filters","param_value_internal":14.0,"distribution":"{\"name\": \"IntDistribution\", \"attributes\": {\"log\": false, \"step\": 2, \"low\": 10, \"high\": 30}}"}
{"op_code":5,"worker_id":"2da177ef-f68f-405f-9b38-dfd0c0f8626f-3284","trial_id":34,"param_name":"f5_units","param_value_internal":80.0,"distribution":"{\"name\": \"IntDistribution\", \"attributes\": {\"log\": false, \"step\": 10, \"low\": 80, \"high\": 150}}"}
{"op_code":5,"worker_id":"2da177ef-f68f-405f-9b38-dfd0c0f8626f-3284","trial_id":34,"param_name":"f6_units","param_value_internal":85.0,"distribution":"{\"name\": \"IntDistribution\", \"attributes\": {\"log\": false, \"step\": 5, \"low\": 60, \"high\": 100}}"}
{"op_code":5,"worker_id":"2da177ef-f68f-405f-9b38-dfd0c0f8626f-3284","trial_id":34,"param_name":"activation","param_value_internal":0,"distribution":"{\"name\": \"CategoricalDistribution\", \"attributes\": {\"choices\": [\"tanh\", \"relu\"]}}"}
{"op_code":6,"worker_id":"2da177ef-f68f-405f-9b38-dfd0c0f8626f-3284","trial_id":34,"state":1,"values":[0.9880833333333333],"datetime_complete":"2025-11-26T23:07:46.921908"}
{"op_code":4,"worker_id":"2da177ef-f68f-405f-9b38-dfd0c0f8626f-3284","study_id":0,"datetime_start":"2025-11-26T23:07:46.940698"}
{"op_code":5,"worker_id":"2da177ef-f68f-405f-9b38-dfd0c0f8626f-3284","trial_id":35,"param_name":"c1_filters","param_value_internal":10.0,"distribution":"{\"name\": \"IntDistribution\", \"attributes\": {\"log\": false, \"step\": 2, \"low\": 4, \"high\": 16}}"}
{"op_code":5,"worker_id":"2da177ef-f68f-405f-9b38-dfd0c0f8626f-3284","trial_id":35,"param_name":"c3_filters","param_value_internal":14.0,"distribution":"{\"name\": \"IntDistribution\", \"attributes\": {\"log\": false, \"step\": 2, \"low\": 10, \"high\": 30}}"}
{"op_code":5,"worker_id":"2da177ef-f68f-405f-9b38-dfd0c0f8626f-3284","trial_id":35,"param_name":"f5_units","param_value_internal":80.0,"distribution":"{\"name\": \"IntDistribution\", \"attributes\": {\"log\": false, \"step\": 10, \"low\": 80, \"high\": 150}}"}
{"op_code":5,"worker_id":"2da177ef-f68f-405f-9b38-dfd0c0f8626f-3284","trial_id":35,"param_name":"f6_units","param_value_internal":90.0,"distribution":"{\"name\": \"IntDistribution\", \"attributes\": {\"log\": false, \"step\": 5, \"low\": 60, \"high\": 100}}"}
{"op_code":5,"worker_id":"2da177ef-f68f-405f-9b38-dfd0c0f8626f-3284","trial_id":35,"param_name":"activation","param_value_internal":0,"distribution":"{\"name\": \"CategoricalDistribution\", \"attributes\": {\"choices\": [\"tanh\", \"relu\"]}}"}
{"op_code":6,"worker_id":"2da177ef-f68f-405f-9b38-dfd0c0f8626f-3284","trial_id":35,"state":1,"values":[0.9875833333333334],"datetime_complete":"2025-11-26T23:12:21.290948"}
{"op_code":4,"worker_id":"2da177ef-f68f-405f-9b38-dfd0c0f8626f-3284","study_id":0,"datetime_start":"2025-11-26T23:12:21.308662"}
{"op_code":5,"worker_id":"2da177ef-f68f-405f-9b38-dfd0c0f8626f-3284","trial_id":36,"param_name":"c1_filters","param_value_internal":10.0,"distribution":"{\"name\": \"IntDistribution\", \"attributes\": {\"log\": false, \"step\": 2, \"low\": 4, \"high\": 16}}"}
{"op_code":5,"worker_id":"2da177ef-f68f-405f-9b38-dfd0c0f8626f-3284","trial_id":36,"param_name":"c3_filters","param_value_internal":12.0,"distribution":"{\"name\": \"IntDistribution\", \"attributes\": {\"log\": false, \"step\": 2, \"low\": 10, \"high\": 30}}"}
{"op_code":5,"worker_id":"2da177ef-f68f-405f-9b38-dfd0c0f8626f-3284","trial_id":36,"param_name":"f5_units","param_value_internal":80.0,"distribution":"{\"name\": \"IntDistribution\", \"attributes\": {\"log\": false, \"step\": 10, \"low\": 80, \"high\": 150}}"}
{"op_code":5,"worker_id":"2da177ef-f68f-405f-9b38-dfd0c0f8626f-3284","trial_id":36,"param_name":"f6_units","param_value_internal":95.0,"distribution":"{\"name\": \"IntDistribution\", \"attributes\": {\"log\": false, \"step\": 5, \"low\": 60, \"high\": 100}}"}
{"op_code":5,"worker_id":"2da177ef-f68f-405f-9b38-dfd0c0f8626f-3284","trial_id":36,"param_name":"activation","param_value_internal":0,"distribution":"{\"name\": \"CategoricalDistribution\", \"attributes\": {\"choices\": [\"tanh\", \"relu\"]}}"}
{"op_code":6,"worker_id":"2da177ef-f68f-405f-9b38-dfd0c0f8626f-3284","trial_id":36,"state":1,"values":[0.9850833333333333],"datetime_complete":"2025-11-26T23:16:52.001861"}
{"op_code":4,"worker_id":"2da177ef-f68f-405f-9b38-dfd0c0f8626f-3284","study_id":0,"datetime_start":"2025-11-26T23:16:52.019820"}
{"op_code":5,"worker_id":"2da177ef-f68f-405f-9b38-dfd0c0f8626f-3284","trial_id":37,"param_name":"c1_filters","param_value_internal":12.0,"distribution":"{\"name\": \"IntDistribution\", \"attributes\": {\"log\": false, \"step\": 2, \"low\": 4, \"high\": 16}}"}
{"op_code":5,"worker_id":"2da177ef-f68f-405f-9b38-dfd0c0f8626f-3284","trial_id":37,"param_name":"c3_filters","param_value_internal":16.0,"distribution":"{\"name\": \"IntDistribution\", \"attributes\": {\"log\": false, \"step\": 2, \"low\": 10, \"high\": 30}}"}
{"op_code":5,"worker_id":"2da177ef-f68f-405f-9b38-dfd0c0f8626f-3284","trial_id":37,"param_name":"f5_units","param_value_internal":80.0,"distribution":"{\"name\": \"IntDistribution\", \"attributes\": {\"log\": false, \"step\": 10, \"low\": 80, \"high\": 150}}"}
{"op_code":5,"worker_id":"2da177ef-f68f-405f-9b38-dfd0c0f8626f-3284","trial_id":37,"param_name":"f6_units","param_value_internal":70.0,"distribution":"{\"name\": \"IntDistribution\", \"attributes\": {\"log\": false, \"step\": 5, \"low\": 60, \"high\": 100}}"}
{"op_code":5,"worker_id":"2da177ef-f68f-405f-9b38-dfd0c0f8626f-3284","trial_id":37,"param_name":"activation","param_value_internal":0,"distribution":"{\"name\": \"CategoricalDistribution\", \"attributes\": {\"choices\": [\"tanh\", \"relu\"]}}"}
{"op_code":6,"worker_id":"2da177ef-f68f-405f-9b38-dfd0c0f8626f-3284","trial_id":37,"state":1,"values":[0.9871666666666666],"datetime_complete":"2025-11-26T23:21:23.654789"}
{"op_code":4,"worker_id":"2da177ef-f68f-405f-9b38-dfd0c0f8626f-3284","study_id":0,"datetime_start":"2025-11-26T23:21:23.672712"}
{"op_code":5,"worker_id":"2da177ef-f68f-405f-9b38-dfd0c0f8626f-3284","trial_id":38,"param_name":"c1_filters","param_value_internal":12.0,"distribution":"{\"name\": \"IntDistribution\", \"attributes\": {\"log\": false, \"step\": 2, \"low\": 4, \"high\": 16}}"}
{"op_code":5,"worker_id":"2da177ef-f68f-405f-9b38-dfd0c0f8626f-3284","trial_id":38,"param_name":"c3_filters","param_value_internal":14.0,"distribution":"{\"name\": \"IntDistribution\", \"attributes\": {\"log\": false, \"step\": 2, \"low\": 10, \"high\": 30}}"}
{"op_code":5,"worker_id":"2da177ef-f68f-405f-9b38-dfd0c0f8626f-3284","trial_id":38,"param_name":"f5_units","param_value_internal":90.0,"distribution":"{\"name\": \"IntDistribution\", \"attributes\": {\"log\": false, \"step\": 10, \"low\": 80, \"high\": 150}}"}
{"op_code":5,"worker_id":"2da177ef-f68f-405f-9b38-dfd0c0f8626f-3284","trial_id":38,"param_name":"f6_units","param_value_internal":70.0,"distribution":"{\"name\": \"IntDistribution\", \"attributes\": {\"log\": false, \"step\": 5, \"low\": 60, \"high\": 100}}"}
{"op_code":5,"worker_id":"2da177ef-f68f-405f-9b38-dfd0c0f8626f-3284","trial_id":38,"param_name":"activation","param_value_internal":1,"distribution":"{\"name\": \"CategoricalDistribution\", \"attributes\": {\"choices\": [\"tanh\", \"relu\"]}}"}
{"op_code":6,"worker_id":"2da177ef-f68f-405f-9b38-dfd0c0f8626f-3284","trial_id":38,"state":1,"values":[0.9854166666666667],"datetime_complete":"2025-11-26T23:25:55.007134"}
{"op_code":4,"worker_id":"2da177ef-f68f-405f-9b38-dfd0c0f8626f-3284","study_id":0,"datetime_start":"2025-11-26T23:25:55.025341"}
{"op_code":5,"worker_id":"2da177ef-f68f-405f-9b38-dfd0c0f8626f-3284","trial_id":39,"param_name":"c1_filters","param_value_internal":8.0,"distribution":"{\"name\": \"IntDistribution\", \"attributes\": {\"log\": false, \"step\": 2, \"low\": 4, \"high\": 16}}"}
{"op_code":5,"worker_id":"2da177ef-f68f-405f-9b38-dfd0c0f8626f-3284","trial_id":39,"param_name":"c3_filters","param_value_internal":18.0,"distribution":"{\"name\": \"IntDistribution\", \"attributes\": {\"log\": false, \"step\": 2, \"low\": 10, \"high\": 30}}"}
{"op_code":5,"worker_id":"2da177ef-f68f-405f-9b38-dfd0c0f8626f-3284","trial_id":39,"param_name":"f5_units","param_value_internal":80.0,"distribution":"{\"name\": \"IntDistribution\", \"attributes\": {\"log\": false, \"step\": 10, \"low\": 80, \"high\": 150}}"}
{"op_code":5,"worker_id":"2da177ef-f68f-405f-9b38-dfd0c0f8626f-3284","trial_id":39,"param_name":"f6_units","param_value_internal":95.0,"distribution":"{\"name\": \"IntDistribution\", \"attributes\": {\"log\": false, \"step\": 5, \"low\": 60, \"high\": 100}}"}
{"op_code":5,"worker_id":"2da177ef-f68f-405f-9b38-dfd0c0f8626f-3284","trial_id":39,"param_name":"activation","param_value_internal":0,"distribution":"{\"name\": \"CategoricalDistribution\", \"attributes\": {\"choices\": [\"tanh\", \"relu\"]}}"}
{"op_code":6,"worker_id":"2da177ef-f68f-405f-9b38-dfd0c0f8626f-3284","trial_id":39,"state":1,"values":[0.98575],"datetime_complete":"2025-11-26T23:30:24.433485"}
{"op_code":4,"worker_id":"2da177ef-f68f-405f-9b38-dfd0c0f8626f-3284","study_id":0,"datetime_start":"2025-11-26T23:30:24.448489"}
{"op_code":5,"worker_id":"2da177ef-f68f-405f-9b38-dfd0c0f8626f-3284","trial_id":40,"param_name":"c1_filters","param_value_internal":10.0,"distribution":"{\"name\": \"IntDistribution\", \"attributes\": {\"log\": false, \"step\": 2, \"low\": 4, \"high\": 16}}"}
{"op_code":5,"worker_id":"2da177ef-f68f-405f-9b38-dfd0c0f8626f-3284","trial_id":40,"param_name":"c3_filters","param_value_internal":10.0,"distribution":"{\"name\": \"IntDistribution\", \"attributes\": {\"log\": false, \"step\": 2, \"low\": 10, \"high\": 30}}"}
{"op_code":5,"worker_id":"2da177ef-f68f-405f-9b38-dfd0c0f8626f-3284","trial_id":40,"param_name":"f5_units","param_value_internal":130.0,"distribution":"{\"name\": \"IntDistribution\", \"attributes\": {\"log\": false, \"step\": 10, \"low\": 80, \"high\": 150}}"}
{"op_code":5,"worker_id":"2da177ef-f68f-405f-9b38-dfd0c0f8626f-3284","trial_id":40,"param_name":"f6_units","param_value_internal":75.0,"distribution":"{\"name\": \"IntDistribution\", \"attributes\": {\"log\": false, \"step\": 5, \"low\": 60, \"high\": 100}}"}
{"op_code":5,"worker_id":"2da177ef-f68f-405f-9b38-dfd0c0f8626f-3284","trial_id":40,"param_name":"activation","param_value_internal":1,"distribution":"{\"name\": \"CategoricalDistribution\", \"attributes\": {\"choices\": [\"tanh\", \"relu\"]}}"}
{"op_code":6,"worker_id":"2da177ef-f68f-405f-9b38-dfd0c0f8626f-3284","trial_id":40,"state":1,"values":[0.98325],"datetime_complete":"2025-11-26T23:36:45.722948"}
{"op_code":4,"worker_id":"2da177ef-f68f-405f-9b38-dfd0c0f8626f-3284","study_id":0,"datetime_start":"2025-11-26T23:36:45.750974"}
{"op_code":5,"worker_id":"2da177ef-f68f-405f-9b38-dfd0c0f8626f-3284","trial_id":41,"param_name":"c1_filters","param_value_internal":16.0,"distribution":"{\"name\": \"IntDistribution\", \"attributes\": {\"log\": false, \"step\": 2, \"low\": 4, \"high\": 16}}"}
{"op_code":5,"worker_id":"2da177ef-f68f-405f-9b38-dfd0c0f8626f-3284","trial_id":41,"param_name":"c3_filters","param_value_internal":26.0,"distribution":"{\"name\": \"IntDistribution\", \"attributes\": {\"log\": false, \"step\": 2, \"low\": 10, \"high\": 30}}"}
{"op_code":5,"worker_id":"2da177ef-f68f-405f-9b38-dfd0c0f8626f-3284","trial_id":41,"param_name":"f5_units","param_value_internal":110.0,"distribution":"{\"name\": \"IntDistribution\", \"attributes\": {\"log\": false, \"step\": 10, \"low\": 80, \"high\": 150}}"}
{"op_code":5,"worker_id":"2da177ef-f68f-405f-9b38-dfd0c0f8626f-3284","trial_id":41,"param_name":"f6_units","param_value_internal":80.0,"distribution":"{\"name\": \"IntDistribution\", \"attributes\": {\"log\": false, \"step\": 5, \"low\": 60, \"high\": 100}}"}
{"op_code":5,"worker_id":"2da177ef-f68f-405f-9b38-dfd0c0f8626f-3284","trial_id":41,"param_name":"activation","param_value_internal":1,"distribution":"{\"name\": \"CategoricalDistribution\", \"attributes\": {\"choices\": [\"tanh\", \"relu\"]}}"}
{"op_code":6,"worker_id":"2da177ef-f68f-405f-9b38-dfd0c0f8626f-3284","trial_id":41,"state":1,"values":[0.9853333333333333],"datetime_complete":"2025-11-26T23:46:18.486392"}
{"op_code":4,"worker_id":"2da177ef-f68f-405f-9b38-dfd0c0f8626f-3284","study_id":0,"datetime_start":"2025-11-26T23:46:18.513668"}
{"op_code":5,"worker_id":"2da177ef-f68f-405f-9b38-dfd0c0f8626f-3284","trial_id":42,"param_name":"c1_filters","param_value_internal":8.0,"distribution":"{\"name\": \"IntDistribution\", \"attributes\": {\"log\": false, \"step\": 2, \"low\": 4, \"high\": 16}}"}
{"op_code":5,"worker_id":"2da177ef-f68f-405f-9b38-dfd0c0f8626f-3284","trial_id":42,"param_name":"c3_filters","param_value_internal":30.0,"distribution":"{\"name\": \"IntDistribution\", \"attributes\": {\"log\": false, \"step\": 2, \"low\": 10, \"high\": 30}}"}
{"op_code":5,"worker_id":"2da177ef-f68f-405f-9b38-dfd0c0f8626f-3284","trial_id":42,"param_name":"f5_units","param_value_internal":90.0,"distribution":"{\"name\": \"IntDistribution\", \"attributes\": {\"log\": false, \"step\": 10, \"low\": 80, \"high\": 150}}"}
{"op_code":5,"worker_id":"2da177ef-f68f-405f-9b38-dfd0c0f8626f-3284","trial_id":42,"param_name":"f6_units","param_value_internal":85.0,"distribution":"{\"name\": \"IntDistribution\", \"attributes\": {\"log\": false, \"step\": 5, \"low\": 60, \"high\": 100}}"}
{"op_code":5,"worker_id":"2da177ef-f68f-405f-9b38-dfd0c0f8626f-3284","trial_id":42,"param_name":"activation","param_value_internal":0,"distribution":"{\"name\": \"CategoricalDistribution\", \"attributes\": {\"choices\": [\"tanh\", \"relu\"]}}"}
{"op_code":6,"worker_id":"2da177ef-f68f-405f-9b38-dfd0c0f8626f-3284","trial_id":42,"state":1,"values":[0.9874166666666667],"datetime_complete":"2025-11-26T23:56:35.613632"}
{"op_code":4,"worker_id":"2da177ef-f68f-405f-9b38-dfd0c0f8626f-3284","study_id":0,"datetime_start":"2025-11-26T23:56:35.647411"}
{"op_code":5,"worker_id":"2da177ef-f68f-405f-9b38-dfd0c0f8626f-3284","trial_id":43,"param_name":"c1_filters","param_value_internal":4.0,"distribution":"{\"name\": \"IntDistribution\", \"attributes\": {\"log\": false, \"step\": 2, \"low\": 4, \"high\": 16}}"}
{"op_code":5,"worker_id":"2da177ef-f68f-405f-9b38-dfd0c0f8626f-3284","trial_id":43,"param_name":"c3_filters","param_value_internal":28.0,"distribution":"{\"name\": \"IntDistribution\", \"attributes\": {\"log\": false, \"step\": 2, \"low\": 10, \"high\": 30}}"}
{"op_code":5,"worker_id":"2da177ef-f68f-405f-9b38-dfd0c0f8626f-3284","trial_id":43,"param_name":"f5_units","param_value_internal":100.0,"distribution":"{\"name\": \"IntDistribution\", \"attributes\": {\"log\": false, \"step\": 10, \"low\": 80, \"high\": 150}}"}
{"op_code":5,"worker_id":"2da177ef-f68f-405f-9b38-dfd0c0f8626f-3284","trial_id":43,"param_name":"f6_units","param_value_internal":85.0,"distribution":"{\"name\": \"IntDistribution\", \"attributes\": {\"log\": false, \"step\": 5, \"low\": 60, \"high\": 100}}"}
{"op_code":5,"worker_id":"2da177ef-f68f-405f-9b38-dfd0c0f8626f-3284","trial_id":43,"param_name":"activation","param_value_internal":0,"distribution":"{\"name\": \"CategoricalDistribution\", \"attributes\": {\"choices\": [\"tanh\", \"relu\"]}}"}
{"op_code":6,"worker_id":"2da177ef-f68f-405f-9b38-dfd0c0f8626f-3284","trial_id":43,"state":1,"values":[0.9845833333333334],"datetime_complete":"2025-11-27T00:07:52.373673"}
{"op_code":4,"worker_id":"2da177ef-f68f-405f-9b38-dfd0c0f8626f-3284","study_id":0,"datetime_start":"2025-11-27T00:07:52.407042"}
{"op_code":5,"worker_id":"2da177ef-f68f-405f-9b38-dfd0c0f8626f-3284","trial_id":44,"param_name":"c1_filters","param_value_internal":6.0,"distribution":"{\"name\": \"IntDistribution\", \"attributes\": {\"log\": false, \"step\": 2, \"low\": 4, \"high\": 16}}"}
{"op_code":5,"worker_id":"2da177ef-f68f-405f-9b38-dfd0c0f8626f-3284","trial_id":44,"param_name":"c3_filters","param_value_internal":28.0,"distribution":"{\"name\": \"IntDistribution\", \"attributes\": {\"log\": false, \"step\": 2, \"low\": 10, \"high\": 30}}"}
{"op_code":5,"worker_id":"2da177ef-f68f-405f-9b38-dfd0c0f8626f-3284","trial_id":44,"param_name":"f5_units","param_value_internal":90.0,"distribution":"{\"name\": \"IntDistribution\", \"attributes\": {\"log\": false, \"step\": 10, \"low\": 80, \"high\": 150}}"}
{"op_code":5,"worker_id":"2da177ef-f68f-405f-9b38-dfd0c0f8626f-3284","trial_id":44,"param_name":"f6_units","param_value_internal":90.0,"distribution":"{\"name\": \"IntDistribution\", \"attributes\": {\"log\": false, \"step\": 5, \"low\": 60, \"high\": 100}}"}
{"op_code":5,"worker_id":"2da177ef-f68f-405f-9b38-dfd0c0f8626f-3284","trial_id":44,"param_name":"activation","param_value_internal":0,"distribution":"{\"name\": \"CategoricalDistribution\", \"attributes\": {\"choices\": [\"tanh\", \"relu\"]}}"}
{"op_code":6,"worker_id":"2da177ef-f68f-405f-9b38-dfd0c0f8626f-3284","trial_id":44,"state":1,"values":[0.98725],"datetime_complete":"2025-11-27T00:17:58.138716"}
{"op_code":4,"worker_id":"2da177ef-f68f-405f-9b38-dfd0c0f8626f-3284","study_id":0,"datetime_start":"2025-11-27T00:17:58.154927"}
{"op_code":5,"worker_id":"2da177ef-f68f-405f-9b38-dfd0c0f8626f-3284","trial_id":45,"param_name":"c1_filters","param_value_internal":10.0,"distribution":"{\"name\": \"IntDistribution\", \"attributes\": {\"log\": false, \"step\": 2, \"low\": 4, \"high\": 16}}"}
{"op_code":5,"worker_id":"2da177ef-f68f-405f-9b38-dfd0c0f8626f-3284","trial_id":45,"param_name":"c3_filters","param_value_internal":24.0,"distribution":"{\"name\": \"IntDistribution\", \"attributes\": {\"log\": false, \"step\": 2, \"low\": 10, \"high\": 30}}"}
{"op_code":5,"worker_id":"2da177ef-f68f-405f-9b38-dfd0c0f8626f-3284","trial_id":45,"param_name":"f5_units","param_value_internal":80.0,"distribution":"{\"name\": \"IntDistribution\", \"attributes\": {\"log\": false, \"step\": 10, \"low\": 80, \"high\": 150}}"}
{"op_code":5,"worker_id":"2da177ef-f68f-405f-9b38-dfd0c0f8626f-3284","trial_id":45,"param_name":"f6_units","param_value_internal":60.0,"distribution":"{\"name\": \"IntDistribution\", \"attributes\": {\"log\": false, \"step\": 5, \"low\": 60, \"high\": 100}}"}
{"op_code":5,"worker_id":"2da177ef-f68f-405f-9b38-dfd0c0f8626f-3284","trial_id":45,"param_name":"activation","param_value_internal":0,"distribution":"{\"name\": \"CategoricalDistribution\", \"attributes\": {\"choices\": [\"tanh\", \"relu\"]}}"}
{"op_code":6,"worker_id":"2da177ef-f68f-405f-9b38-dfd0c0f8626f-3284","trial_id":45,"state":1,"values":[0.9866666666666667],"datetime_complete":"2025-11-27T00:24:12.691156"}
{"op_code":4,"worker_id":"2da177ef-f68f-405f-9b38-dfd0c0f8626f-3284","study_id":0,"datetime_start":"2025-11-27T00:24:12.710280"}
{"op_code":5,"worker_id":"2da177ef-f68f-405f-9b38-dfd0c0f8626f-3284","trial_id":46,"param_name":"c1_filters","param_value_internal":4.0,"distribution":"{\"name\": \"IntDistribution\", \"attributes\": {\"log\": false, \"step\": 2, \"low\": 4, \"high\": 16}}"}
{"op_code":5,"worker_id":"2da177ef-f68f-405f-9b38-dfd0c0f8626f-3284","trial_id":46,"param_name":"c3_filters","param_value_internal":30.0,"distribution":"{\"name\": \"IntDistribution\", \"attributes\": {\"log\": false, \"step\": 2, \"low\": 10, \"high\": 30}}"}
{"op_code":5,"worker_id":"2da177ef-f68f-405f-9b38-dfd0c0f8626f-3284","trial_id":46,"param_name":"f5_units","param_value_internal":110.0,"distribution":"{\"name\": \"IntDistribution\", \"attributes\": {\"log\": false, \"step\": 10, \"low\": 80, \"high\": 150}}"}
{"op_code":5,"worker_id":"2da177ef-f68f-405f-9b38-dfd0c0f8626f-3284","trial_id":46,"param_name":"f6_units","param_value_internal":85.0,"distribution":"{\"name\": \"IntDistribution\", \"attributes\": {\"log\": false, \"step\": 5, \"low\": 60, \"high\": 100}}"}
{"op_code":5,"worker_id":"2da177ef-f68f-405f-9b38-dfd0c0f8626f-3284","trial_id":46,"param_name":"activation","param_value_internal":0,"distribution":"{\"name\": \"CategoricalDistribution\", \"attributes\": {\"choices\": [\"tanh\", \"relu\"]}}"}
{"op_code":6,"worker_id":"2da177ef-f68f-405f-9b38-dfd0c0f8626f-3284","trial_id":46,"state":1,"values":[0.9845833333333334],"datetime_complete":"2025-11-27T00:29:58.962429"}
{"op_code":4,"worker_id":"2da177ef-f68f-405f-9b38-dfd0c0f8626f-3284","study_id":0,"datetime_start":"2025-11-27T00:29:58.981407"}
{"op_code":5,"worker_id":"2da177ef-f68f-405f-9b38-dfd0c0f8626f-3284","trial_id":47,"param_name":"c1_filters","param_value_internal":8.0,"distribution":"{\"name\": \"IntDistribution\", \"attributes\": {\"log\": false, \"step\": 2, \"low\": 4, \"high\": 16}}"}
{"op_code":5,"worker_id":"2da177ef-f68f-405f-9b38-dfd0c0f8626f-3284","trial_id":47,"param_name":"c3_filters","param_value_internal":28.0,"distribution":"{\"name\": \"IntDistribution\", \"attributes\": {\"log\": false, \"step\": 2, \"low\": 10, \"high\": 30}}"}
{"op_code":5,"worker_id":"2da177ef-f68f-405f-9b38-dfd0c0f8626f-3284","trial_id":47,"param_name":"f5_units","param_value_internal":90.0,"distribution":"{\"name\": \"IntDistribution\", \"attributes\": {\"log\": false, \"step\": 10, \"low\": 80, \"high\": 150}}"}
{"op_code":5,"worker_id":"2da177ef-f68f-405f-9b38-dfd0c0f8626f-3284","trial_id":47,"param_name":"f6_units","param_value_internal":60.0,"distribution":"{\"name\": \"IntDistribution\", \"attributes\": {\"log\": false, \"step\": 5, \"low\": 60, \"high\": 100}}"}
{"op_code":5,"worker_id":"2da177ef-f68f-405f-9b38-dfd0c0f8626f-3284","trial_id":47,"param_name":"activation","param_value_internal":1,"distribution":"{\"name\": \"CategoricalDistribution\", \"attributes\": {\"choices\": [\"tanh\", \"relu\"]}}"}
{"op_code":6,"worker_id":"2da177ef-f68f-405f-9b38-dfd0c0f8626f-3284","trial_id":47,"state":1,"values":[0.9858333333333333],"datetime_complete":"2025-11-27T00:35:44.193457"}
{"op_code":4,"worker_id":"2da177ef-f68f-405f-9b38-dfd0c0f8626f-3284","study_id":0,"datetime_start":"2025-11-27T00:35:44.212252"}
{"op_code":5,"worker_id":"2da177ef-f68f-405f-9b38-dfd0c0f8626f-3284","trial_id":48,"param_name":"c1_filters","param_value_internal":14.0,"distribution":"{\"name\": \"IntDistribution\", \"attributes\": {\"log\": false, \"step\": 2, \"low\": 4, \"high\": 16}}"}
{"op_code":5,"worker_id":"2da177ef-f68f-405f-9b38-dfd0c0f8626f-3284","trial_id":48,"param_name":"c3_filters","param_value_internal":26.0,"distribution":"{\"name\": \"IntDistribution\", \"attributes\": {\"log\": false, \"step\": 2, \"low\": 10, \"high\": 30}}"}
{"op_code":5,"worker_id":"2da177ef-f68f-405f-9b38-dfd0c0f8626f-3284","trial_id":48,"param_name":"f5_units","param_value_internal":100.0,"distribution":"{\"name\": \"IntDistribution\", \"attributes\": {\"log\": false, \"step\": 10, \"low\": 80, \"high\": 150}}"}
{"op_code":5,"worker_id":"2da177ef-f68f-405f-9b38-dfd0c0f8626f-3284","trial_id":48,"param_name":"f6_units","param_value_internal":80.0,"distribution":"{\"name\": \"IntDistribution\", \"attributes\": {\"log\": false, \"step\": 5, \"low\": 60, \"high\": 100}}"}
{"op_code":5,"worker_id":"2da177ef-f68f-405f-9b38-dfd0c0f8626f-3284","trial_id":48,"param_name":"activation","param_value_internal":0,"distribution":"{\"name\": \"CategoricalDistribution\", \"attributes\": {\"choices\": [\"tanh\", \"relu\"]}}"}
{"op_code":6,"worker_id":"2da177ef-f68f-405f-9b38-dfd0c0f8626f-3284","trial_id":48,"state":1,"values":[0.9879166666666667],"datetime_complete":"2025-11-27T00:44:14.066065"}
{"op_code":4,"worker_id":"2da177ef-f68f-405f-9b38-dfd0c0f8626f-3284","study_id":0,"datetime_start":"2025-11-27T00:44:14.153823"}
{"op_code":5,"worker_id":"2da177ef-f68f-405f-9b38-dfd0c0f8626f-3284","trial_id":49,"param_name":"c1_filters","param_value_internal":14.0,"distribution":"{\"name\": \"IntDistribution\", \"attributes\": {\"log\": false, \"step\": 2, \"low\": 4, \"high\": 16}}"}
{"op_code":5,"worker_id":"2da177ef-f68f-405f-9b38-dfd0c0f8626f-3284","trial_id":49,"param_name":"c3_filters","param_value_internal":24.0,"distribution":"{\"name\": \"IntDistribution\", \"attributes\": {\"log\": false, \"step\": 2, \"low\": 10, \"high\": 30}}"}
{"op_code":5,"worker_id":"2da177ef-f68f-405f-9b38-dfd0c0f8626f-3284","trial_id":49,"param_name":"f5_units","param_value_internal":150.0,"distribution":"{\"name\": \"IntDistribution\", \"attributes\": {\"log\": false, \"step\": 10, \"low\": 80, \"high\": 150}}"}
{"op_code":5,"worker_id":"2da177ef-f68f-405f-9b38-dfd0c0f8626f-3284","trial_id":49,"param_name":"f6_units","param_value_internal":80.0,"distribution":"{\"name\": \"IntDistribution\", \"attributes\": {\"log\": false, \"step\": 5, \"low\": 60, \"high\": 100}}"}
{"op_code":5,"worker_id":"2da177ef-f68f-405f-9b38-dfd0c0f8626f-3284","trial_id":49,"param_name":"activation","param_value_internal":1,"distribution":"{\"name\": \"CategoricalDistribution\", \"attributes\": {\"choices\": [\"tanh\", \"relu\"]}}"}
{"op_code":6,"worker_id":"2da177ef-f68f-405f-9b38-dfd0c0f8626f-3284","trial_id":49,"state":1,"values":[0.9848333333333333],"datetime_complete":"2025-11-27T00:51:24.775285"}
{"op_code":4,"worker_id":"2da177ef-f68f-405f-9b38-dfd0c0f8626f-3284","study_id":0,"datetime_start":"2025-11-27T00:51:24.790254"}
{"op_code":5,"worker_id":"2da177ef-f68f-405f-9b38-dfd0c0f8626f-3284","trial_id":50,"param_name":"c1_filters","param_value_internal":14.0,"distribution":"{\"name\": \"IntDistribution\", \"attributes\": {\"log\": false, \"step\": 2, \"low\": 4, \"high\": 16}}"}
{"op_code":5,"worker_id":"2da177ef-f68f-405f-9b38-dfd0c0f8626f-3284","trial_id":50,"param_name":"c3_filters","param_value_internal":26.0,"distribution":"{\"name\": \"IntDistribution\", \"attributes\": {\"log\": false, \"step\": 2, \"low\": 10, \"high\": 30}}"}
{"op_code":5,"worker_id":"2da177ef-f68f-405f-9b38-dfd0c0f8626f-3284","trial_id":50,"param_name":"f5_units","param_value_internal":100.0,"distribution":"{\"name\": \"IntDistribution\", \"attributes\": {\"log\": false, \"step\": 10, \"low\": 80, \"high\": 150}}"}
{"op_code":5,"worker_id":"2da177ef-f68f-405f-9b38-dfd0c0f8626f-3284","trial_id":50,"param_name":"f6_units","param_value_internal":75.0,"distribution":"{\"name\": \"IntDistribution\", \"attributes\": {\"log\": false, \"step\": 5, \"low\": 60, \"high\": 100}}"}
{"op_code":5,"worker_id":"2da177ef-f68f-405f-9b38-dfd0c0f8626f-3284","trial_id":50,"param_name":"activation","param_value_internal":0,"distribution":"{\"name\": \"CategoricalDistribution\", \"attributes\": {\"choices\": [\"tanh\", \"relu\"]}}"}
{"op_code":6,"worker_id":"2da177ef-f68f-405f-9b38-dfd0c0f8626f-3284","trial_id":50,"state":1,"values":[0.9865833333333334],"datetime_complete":"2025-11-27T00:57:31.547861"}
